{"meta": {"format": 3, "version": "7.13.1", "timestamp": "2026-02-20T07:56:59.767942", "branch_coverage": false, "show_contexts": false}, "files": {"backtesting\\__init__.py": {"executed_lines": [58, 68, 83, 96, 129], "summary": {"covered_lines": 5, "num_statements": 5, "percent_covered": 100.0, "percent_covered_display": "100", "missing_lines": 0, "excluded_lines": 0, "percent_statements_covered": 100.0, "percent_statements_covered_display": "100"}, "missing_lines": [], "excluded_lines": [], "functions": {"": {"executed_lines": [58, 68, 83, 96, 129], "summary": {"covered_lines": 5, "num_statements": 5, "percent_covered": 100.0, "percent_covered_display": "100", "missing_lines": 0, "excluded_lines": 0, "percent_statements_covered": 100.0, "percent_statements_covered_display": "100"}, "missing_lines": [], "excluded_lines": [], "start_line": 1}}, "classes": {"": {"executed_lines": [58, 68, 83, 96, 129], "summary": {"covered_lines": 5, "num_statements": 5, "percent_covered": 100.0, "percent_covered_display": "100", "missing_lines": 0, "excluded_lines": 0, "percent_statements_covered": 100.0, "percent_statements_covered_display": "100"}, "missing_lines": [], "excluded_lines": [], "start_line": 1}}}, "backtesting\\metrics.py": {"executed_lines": [15, 16, 18, 19, 22, 23, 26, 28, 33, 34, 58, 59, 60, 61, 62, 63, 64, 65, 66, 67, 68, 69, 70, 71, 72, 73, 74, 75, 76, 79, 98, 100, 101, 103, 104, 107, 137, 138, 147, 152, 153, 154, 155, 158, 159, 161, 163, 172, 195, 198, 202, 204, 207, 222, 225, 229, 230, 232, 235, 261, 264, 265, 267, 268, 269, 271, 272, 273, 275, 276, 277, 278, 279, 281, 292, 294, 298, 300, 303, 324, 325, 328, 330, 331, 332, 334, 338, 339, 342, 365, 374, 377, 378, 380, 381, 382, 385, 386, 387, 389, 390, 391, 392, 394, 396, 404, 413, 422, 424, 432, 433, 434, 435, 437, 438, 439, 440, 441, 443, 444, 445, 448, 449, 450, 451, 452, 453, 458, 466, 495, 500, 501, 502, 504, 508, 510, 511, 512, 514, 515, 517, 519, 522, 523, 524, 525, 527, 540, 543, 570, 573, 576, 577, 578, 579, 582, 583, 586, 587, 589, 590, 591, 592, 595, 596, 599, 601, 602, 603, 608, 609, 612, 613, 616, 620, 622, 623, 626, 631, 632, 633, 636, 637, 638, 639, 642, 643, 644, 645, 646, 648, 651], "summary": {"covered_lines": 192, "num_statements": 242, "percent_covered": 79.33884297520662, "percent_covered_display": "79", "missing_lines": 50, "excluded_lines": 0, "percent_statements_covered": 79.33884297520662, "percent_statements_covered_display": "79"}, "missing_lines": [196, 199, 223, 226, 262, 295, 335, 366, 414, 425, 455, 456, 496, 506, 520, 571, 617, 660, 661, 662, 663, 665, 666, 667, 668, 669, 670, 671, 673, 674, 675, 676, 677, 678, 680, 681, 682, 685, 687, 688, 689, 690, 692, 693, 694, 695, 696, 697, 699, 701], "excluded_lines": [], "functions": {"calculate_roi": {"executed_lines": [98, 100, 101, 103, 104], "summary": {"covered_lines": 5, "num_statements": 5, "percent_covered": 100.0, "percent_covered_display": "100", "missing_lines": 0, "excluded_lines": 0, "percent_statements_covered": 100.0, "percent_statements_covered_display": "100"}, "missing_lines": [], "excluded_lines": [], "start_line": 79}, "calculate_clv_metrics": {"executed_lines": [137, 138, 147, 152, 153, 154, 155, 158, 159, 161, 163], "summary": {"covered_lines": 11, "num_statements": 11, "percent_covered": 100.0, "percent_covered_display": "100", "missing_lines": 0, "excluded_lines": 0, "percent_statements_covered": 100.0, "percent_statements_covered_display": "100"}, "missing_lines": [], "excluded_lines": [], "start_line": 107}, "calculate_brier_score": {"executed_lines": [195, 198, 202, 204], "summary": {"covered_lines": 4, "num_statements": 6, "percent_covered": 66.66666666666667, "percent_covered_display": "67", "missing_lines": 2, "excluded_lines": 0, "percent_statements_covered": 66.66666666666667, "percent_statements_covered_display": "67"}, "missing_lines": [196, 199], "excluded_lines": [], "start_line": 172}, "calculate_log_loss": {"executed_lines": [222, 225, 229, 230, 232], "summary": {"covered_lines": 5, "num_statements": 7, "percent_covered": 71.42857142857143, "percent_covered_display": "71", "missing_lines": 2, "excluded_lines": 0, "percent_statements_covered": 71.42857142857143, "percent_statements_covered_display": "71"}, "missing_lines": [223, 226], "excluded_lines": [], "start_line": 207}, "calculate_calibration_error": {"executed_lines": [261, 264, 265, 267, 268, 269, 271, 272, 273, 275, 276, 277, 278, 279, 281, 292, 294, 298, 300], "summary": {"covered_lines": 19, "num_statements": 21, "percent_covered": 90.47619047619048, "percent_covered_display": "90", "missing_lines": 2, "excluded_lines": 0, "percent_statements_covered": 90.47619047619048, "percent_statements_covered_display": "90"}, "missing_lines": [262, 295], "excluded_lines": [], "start_line": 235}, "calculate_sharpe_ratio": {"executed_lines": [324, 325, 328, 330, 331, 332, 334, 338, 339], "summary": {"covered_lines": 9, "num_statements": 10, "percent_covered": 90.0, "percent_covered_display": "90", "missing_lines": 1, "excluded_lines": 0, "percent_statements_covered": 90.0, "percent_statements_covered_display": "90"}, "missing_lines": [335], "excluded_lines": [], "start_line": 303}, "calculate_drawdown_metrics": {"executed_lines": [365, 374, 377, 378, 380, 381, 382, 385, 386, 387, 389, 390, 391, 392, 394, 396], "summary": {"covered_lines": 16, "num_statements": 17, "percent_covered": 94.11764705882354, "percent_covered_display": "94", "missing_lines": 1, "excluded_lines": 0, "percent_statements_covered": 94.11764705882354, "percent_statements_covered_display": "94"}, "missing_lines": [366], "excluded_lines": [], "start_line": 342}, "calculate_streak_metrics": {"executed_lines": [413, 422, 424, 432, 433, 434, 435, 437, 438, 439, 440, 441, 443, 444, 445, 448, 449, 450, 451, 452, 453, 458], "summary": {"covered_lines": 22, "num_statements": 26, "percent_covered": 84.61538461538461, "percent_covered_display": "85", "missing_lines": 4, "excluded_lines": 0, "percent_statements_covered": 84.61538461538461, "percent_statements_covered_display": "85"}, "missing_lines": [414, 425, 455, 456], "excluded_lines": [], "start_line": 404}, "calculate_win_rate_by_confidence": {"executed_lines": [495, 500, 501, 502, 504, 508, 510, 511, 512, 514, 515, 517, 519, 522, 523, 524, 525, 527, 540], "summary": {"covered_lines": 19, "num_statements": 22, "percent_covered": 86.36363636363636, "percent_covered_display": "86", "missing_lines": 3, "excluded_lines": 0, "percent_statements_covered": 86.36363636363636, "percent_statements_covered_display": "86"}, "missing_lines": [496, 506, 520], "excluded_lines": [], "start_line": 466}, "compute_all_metrics": {"executed_lines": [570, 573, 576, 577, 578, 579, 582, 583, 586, 587, 589, 590, 591, 592, 595, 596, 599, 601, 602, 603, 608, 609, 612, 613, 616, 620, 622, 623, 626, 631, 632, 633, 636, 637, 638, 639, 642, 643, 644, 645, 646, 648], "summary": {"covered_lines": 42, "num_statements": 44, "percent_covered": 95.45454545454545, "percent_covered_display": "95", "missing_lines": 2, "excluded_lines": 0, "percent_statements_covered": 95.45454545454545, "percent_statements_covered_display": "95"}, "missing_lines": [571, 617], "excluded_lines": [], "start_line": 543}, "format_metrics_report": {"executed_lines": [], "summary": {"covered_lines": 0, "num_statements": 33, "percent_covered": 0.0, "percent_covered_display": "0", "missing_lines": 33, "excluded_lines": 0, "percent_statements_covered": 0.0, "percent_statements_covered_display": "0"}, "missing_lines": [660, 661, 662, 663, 665, 666, 667, 668, 669, 670, 671, 673, 674, 675, 676, 677, 678, 680, 681, 682, 685, 687, 688, 689, 690, 692, 693, 694, 695, 696, 697, 699, 701], "excluded_lines": [], "start_line": 651}, "": {"executed_lines": [15, 16, 18, 19, 22, 23, 26, 28, 33, 34, 58, 59, 60, 61, 62, 63, 64, 65, 66, 67, 68, 69, 70, 71, 72, 73, 74, 75, 76, 79, 107, 172, 207, 235, 303, 342, 404, 466, 543, 651], "summary": {"covered_lines": 40, "num_statements": 40, "percent_covered": 100.0, "percent_covered_display": "100", "missing_lines": 0, "excluded_lines": 0, "percent_statements_covered": 100.0, "percent_statements_covered_display": "100"}, "missing_lines": [], "excluded_lines": [], "start_line": 1}}, "classes": {"BettingMetrics": {"executed_lines": [], "summary": {"covered_lines": 0, "num_statements": 0, "percent_covered": 100.0, "percent_covered_display": "100", "missing_lines": 0, "excluded_lines": 0, "percent_statements_covered": 100.0, "percent_statements_covered_display": "100"}, "missing_lines": [], "excluded_lines": [], "start_line": 34}, "": {"executed_lines": [15, 16, 18, 19, 22, 23, 26, 28, 33, 34, 58, 59, 60, 61, 62, 63, 64, 65, 66, 67, 68, 69, 70, 71, 72, 73, 74, 75, 76, 79, 98, 100, 101, 103, 104, 107, 137, 138, 147, 152, 153, 154, 155, 158, 159, 161, 163, 172, 195, 198, 202, 204, 207, 222, 225, 229, 230, 232, 235, 261, 264, 265, 267, 268, 269, 271, 272, 273, 275, 276, 277, 278, 279, 281, 292, 294, 298, 300, 303, 324, 325, 328, 330, 331, 332, 334, 338, 339, 342, 365, 374, 377, 378, 380, 381, 382, 385, 386, 387, 389, 390, 391, 392, 394, 396, 404, 413, 422, 424, 432, 433, 434, 435, 437, 438, 439, 440, 441, 443, 444, 445, 448, 449, 450, 451, 452, 453, 458, 466, 495, 500, 501, 502, 504, 508, 510, 511, 512, 514, 515, 517, 519, 522, 523, 524, 525, 527, 540, 543, 570, 573, 576, 577, 578, 579, 582, 583, 586, 587, 589, 590, 591, 592, 595, 596, 599, 601, 602, 603, 608, 609, 612, 613, 616, 620, 622, 623, 626, 631, 632, 633, 636, 637, 638, 639, 642, 643, 644, 645, 646, 648, 651], "summary": {"covered_lines": 192, "num_statements": 242, "percent_covered": 79.33884297520662, "percent_covered_display": "79", "missing_lines": 50, "excluded_lines": 0, "percent_statements_covered": 79.33884297520662, "percent_statements_covered_display": "79"}, "missing_lines": [196, 199, 223, 226, 262, 295, 335, 366, 414, 425, 455, 456, 496, 506, 520, 571, 617, 660, 661, 662, 663, 665, 666, 667, 668, 669, 670, 671, 673, 674, 675, 676, 677, 678, 680, 681, 682, 685, 687, 688, 689, 690, 692, 693, 694, 695, 696, 697, 699, 701], "excluded_lines": [], "start_line": 1}}}, "backtesting\\simulation.py": {"executed_lines": [17, 18, 20, 21, 24, 25, 27, 31, 32, 34, 36, 39, 40, 55, 56, 57, 58, 59, 60, 61, 62, 63, 66, 67, 85, 86, 87, 88, 89, 90, 91, 92, 95, 121, 134, 135, 136, 137, 139, 140, 142, 155, 156, 162, 168, 170, 179, 180, 181, 183, 184, 186, 190, 192, 193, 194, 195, 197, 200, 202, 204, 206, 209, 214, 217, 219, 222, 224, 227, 228, 230, 231, 233, 236, 237, 240, 246, 250, 251, 253, 254, 257, 270, 272, 275, 303, 310, 311, 313, 327, 357, 359, 360, 362, 363, 365, 366, 367, 369, 370, 371, 373, 375, 376, 378, 380, 382, 383, 385, 387, 398, 431, 434, 436, 437, 445, 446, 448, 465, 468, 493, 494, 496, 502, 503, 505, 507, 508, 509, 511, 512, 514, 516, 519, 545, 548, 549, 552, 553, 557, 559, 560, 562, 564, 566, 567, 568, 571, 573, 574, 575, 577, 579, 580, 581, 584, 585, 586, 590, 592, 593, 595, 596, 598, 601, 602, 604, 610, 616, 617, 618, 619, 621, 633, 635, 638], "summary": {"covered_lines": 176, "num_statements": 215, "percent_covered": 81.86046511627907, "percent_covered_display": "82", "missing_lines": 39, "excluded_lines": 0, "percent_statements_covered": 81.86046511627907, "percent_statements_covered_display": "82"}, "missing_lines": [28, 29, 165, 187, 198, 205, 234, 247, 432, 546, 588, 599, 647, 649, 650, 651, 652, 654, 655, 656, 657, 658, 660, 661, 662, 664, 665, 666, 667, 669, 670, 671, 672, 674, 675, 676, 677, 679, 681], "excluded_lines": [], "functions": {"MonteCarloSimulator.__init__": {"executed_lines": [134, 135, 136, 137, 139, 140], "summary": {"covered_lines": 6, "num_statements": 6, "percent_covered": 100.0, "percent_covered_display": "100", "missing_lines": 0, "excluded_lines": 0, "percent_statements_covered": 100.0, "percent_statements_covered_display": "100"}, "missing_lines": [], "excluded_lines": [], "start_line": 121}, "MonteCarloSimulator._calculate_bet_size": {"executed_lines": [155, 156, 162, 168], "summary": {"covered_lines": 4, "num_statements": 5, "percent_covered": 80.0, "percent_covered_display": "80", "missing_lines": 1, "excluded_lines": 0, "percent_statements_covered": 80.0, "percent_statements_covered_display": "80"}, "missing_lines": [165], "excluded_lines": [], "start_line": 142}, "MonteCarloSimulator.run": {"executed_lines": [179, 180, 181, 183, 184, 186, 190, 192, 193, 194, 195, 197, 200, 202, 204, 206, 209, 214, 217, 219, 222, 224, 227, 228, 230, 231, 233, 236, 237, 240, 246, 250, 251, 253, 254, 257, 270, 272], "summary": {"covered_lines": 38, "num_statements": 43, "percent_covered": 88.37209302325581, "percent_covered_display": "88", "missing_lines": 5, "excluded_lines": 0, "percent_statements_covered": 88.37209302325581, "percent_statements_covered_display": "88"}, "missing_lines": [187, 198, 205, 234, 247], "excluded_lines": [], "start_line": 170}, "run_drawdown_analysis": {"executed_lines": [303, 310, 311, 313], "summary": {"covered_lines": 4, "num_statements": 4, "percent_covered": 100.0, "percent_covered_display": "100", "missing_lines": 0, "excluded_lines": 0, "percent_statements_covered": 100.0, "percent_statements_covered_display": "100"}, "missing_lines": [], "excluded_lines": [], "start_line": 275}, "calculate_risk_of_ruin": {"executed_lines": [357, 359, 360, 362, 363, 365, 366, 367, 369, 370, 371, 373, 375, 376, 378, 380, 382, 383, 385, 387], "summary": {"covered_lines": 20, "num_statements": 20, "percent_covered": 100.0, "percent_covered_display": "100", "missing_lines": 0, "excluded_lines": 0, "percent_statements_covered": 100.0, "percent_statements_covered_display": "100"}, "missing_lines": [], "excluded_lines": [], "start_line": 327}, "validate_kelly_fraction": {"executed_lines": [431, 434, 436, 437, 445, 446, 448, 465], "summary": {"covered_lines": 8, "num_statements": 9, "percent_covered": 88.88888888888889, "percent_covered_display": "89", "missing_lines": 1, "excluded_lines": 0, "percent_statements_covered": 88.88888888888889, "percent_statements_covered_display": "89"}, "missing_lines": [432], "excluded_lines": [], "start_line": 398}, "calculate_confidence_intervals": {"executed_lines": [493, 494, 496, 502, 503, 505, 507, 508, 509, 511, 512, 514, 516], "summary": {"covered_lines": 13, "num_statements": 13, "percent_covered": 100.0, "percent_covered_display": "100", "missing_lines": 0, "excluded_lines": 0, "percent_statements_covered": 100.0, "percent_statements_covered_display": "100"}, "missing_lines": [], "excluded_lines": [], "start_line": 468}, "simulate_from_backtest": {"executed_lines": [545, 548, 549, 552, 553, 557, 559, 560, 562, 564, 566, 567, 568, 571, 573, 574, 575, 577, 579, 580, 581, 584, 585, 586, 590, 592, 593, 595, 596, 598, 601, 602, 604, 610, 616, 617, 618, 619, 621, 633, 635], "summary": {"covered_lines": 41, "num_statements": 44, "percent_covered": 93.18181818181819, "percent_covered_display": "93", "missing_lines": 3, "excluded_lines": 0, "percent_statements_covered": 93.18181818181819, "percent_statements_covered_display": "93"}, "missing_lines": [546, 588, 599], "excluded_lines": [], "start_line": 519}, "format_simulation_report": {"executed_lines": [], "summary": {"covered_lines": 0, "num_statements": 27, "percent_covered": 0.0, "percent_covered_display": "0", "missing_lines": 27, "excluded_lines": 0, "percent_statements_covered": 0.0, "percent_statements_covered_display": "0"}, "missing_lines": [647, 649, 650, 651, 652, 654, 655, 656, 657, 658, 660, 661, 662, 664, 665, 666, 667, 669, 670, 671, 672, 674, 675, 676, 677, 679, 681], "excluded_lines": [], "start_line": 638}, "": {"executed_lines": [17, 18, 20, 21, 24, 25, 27, 31, 32, 34, 36, 39, 40, 55, 56, 57, 58, 59, 60, 61, 62, 63, 66, 67, 85, 86, 87, 88, 89, 90, 91, 92, 95, 121, 142, 170, 275, 327, 398, 468, 519, 638], "summary": {"covered_lines": 42, "num_statements": 44, "percent_covered": 95.45454545454545, "percent_covered_display": "95", "missing_lines": 2, "excluded_lines": 0, "percent_statements_covered": 95.45454545454545, "percent_statements_covered_display": "95"}, "missing_lines": [28, 29], "excluded_lines": [], "start_line": 1}}, "classes": {"SimulationConfig": {"executed_lines": [], "summary": {"covered_lines": 0, "num_statements": 0, "percent_covered": 100.0, "percent_covered_display": "100", "missing_lines": 0, "excluded_lines": 0, "percent_statements_covered": 100.0, "percent_statements_covered_display": "100"}, "missing_lines": [], "excluded_lines": [], "start_line": 40}, "SimulationResult": {"executed_lines": [], "summary": {"covered_lines": 0, "num_statements": 0, "percent_covered": 100.0, "percent_covered_display": "100", "missing_lines": 0, "excluded_lines": 0, "percent_statements_covered": 100.0, "percent_statements_covered_display": "100"}, "missing_lines": [], "excluded_lines": [], "start_line": 67}, "MonteCarloSimulator": {"executed_lines": [134, 135, 136, 137, 139, 140, 155, 156, 162, 168, 179, 180, 181, 183, 184, 186, 190, 192, 193, 194, 195, 197, 200, 202, 204, 206, 209, 214, 217, 219, 222, 224, 227, 228, 230, 231, 233, 236, 237, 240, 246, 250, 251, 253, 254, 257, 270, 272], "summary": {"covered_lines": 48, "num_statements": 54, "percent_covered": 88.88888888888889, "percent_covered_display": "89", "missing_lines": 6, "excluded_lines": 0, "percent_statements_covered": 88.88888888888889, "percent_statements_covered_display": "89"}, "missing_lines": [165, 187, 198, 205, 234, 247], "excluded_lines": [], "start_line": 95}, "": {"executed_lines": [17, 18, 20, 21, 24, 25, 27, 31, 32, 34, 36, 39, 40, 55, 56, 57, 58, 59, 60, 61, 62, 63, 66, 67, 85, 86, 87, 88, 89, 90, 91, 92, 95, 121, 142, 170, 275, 303, 310, 311, 313, 327, 357, 359, 360, 362, 363, 365, 366, 367, 369, 370, 371, 373, 375, 376, 378, 380, 382, 383, 385, 387, 398, 431, 434, 436, 437, 445, 446, 448, 465, 468, 493, 494, 496, 502, 503, 505, 507, 508, 509, 511, 512, 514, 516, 519, 545, 548, 549, 552, 553, 557, 559, 560, 562, 564, 566, 567, 568, 571, 573, 574, 575, 577, 579, 580, 581, 584, 585, 586, 590, 592, 593, 595, 596, 598, 601, 602, 604, 610, 616, 617, 618, 619, 621, 633, 635, 638], "summary": {"covered_lines": 128, "num_statements": 161, "percent_covered": 79.5031055900621, "percent_covered_display": "80", "missing_lines": 33, "excluded_lines": 0, "percent_statements_covered": 79.5031055900621, "percent_statements_covered_display": "80"}, "missing_lines": [28, 29, 432, 546, 588, 599, 647, 649, 650, 651, 652, 654, 655, 656, 657, 658, 660, 661, 662, 664, 665, 666, 667, 669, 670, 671, 672, 674, 675, 676, 677, 679, 681], "excluded_lines": [], "start_line": 1}}}, "backtesting\\validators\\__init__.py": {"executed_lines": [98, 106, 112, 122, 130, 137], "summary": {"covered_lines": 6, "num_statements": 6, "percent_covered": 100.0, "percent_covered_display": "100", "missing_lines": 0, "excluded_lines": 0, "percent_statements_covered": 100.0, "percent_statements_covered_display": "100"}, "missing_lines": [], "excluded_lines": [], "functions": {"": {"executed_lines": [98, 106, 112, 122, 130, 137], "summary": {"covered_lines": 6, "num_statements": 6, "percent_covered": 100.0, "percent_covered_display": "100", "missing_lines": 0, "excluded_lines": 0, "percent_statements_covered": 100.0, "percent_statements_covered_display": "100"}, "missing_lines": [], "excluded_lines": [], "start_line": 1}}, "classes": {"": {"executed_lines": [98, 106, 112, 122, 130, 137], "summary": {"covered_lines": 6, "num_statements": 6, "percent_covered": 100.0, "percent_covered_display": "100", "missing_lines": 0, "excluded_lines": 0, "percent_statements_covered": 100.0, "percent_statements_covered_display": "100"}, "missing_lines": [], "excluded_lines": [], "start_line": 1}}}, "backtesting\\validators\\betting_validator.py": {"executed_lines": [35, 36, 37, 39, 40, 43, 44, 46, 48, 53, 56, 57, 58, 59, 62, 63, 69, 72, 73, 84, 85, 86, 87, 88, 89, 92, 93, 106, 107, 108, 109, 110, 111, 112, 115, 116, 133, 134, 135, 136, 137, 138, 139, 140, 141, 143, 145, 161, 162, 163, 164, 168, 169, 172, 207, 208, 209, 210, 211, 214, 227, 240, 241, 242, 244, 266, 267, 269, 270, 272, 275, 277, 302, 303, 309, 310, 311, 312, 313, 316, 319, 320, 322, 323, 325, 328, 329, 330, 331, 332, 338, 350, 352, 354, 380, 381, 382, 383, 386, 387, 389, 390, 399, 401, 402, 411, 412, 421, 422, 423, 426, 427, 429, 430, 431, 439, 448, 487, 488, 490, 491, 494, 495, 497, 498, 499, 501, 502, 503, 506, 507, 508, 509, 511, 513, 514, 518, 523, 524, 525, 526, 528, 531, 543, 544, 557, 559, 560, 562, 563, 565, 567, 596, 597, 598, 599, 601, 602, 604, 605, 607, 608, 610, 611, 612, 614, 616, 628, 630, 650, 652, 666, 667, 668, 670, 677, 678, 679, 681, 682, 684, 685, 686, 691, 693, 695, 730, 731, 734, 735, 736, 737, 738, 741, 744, 745, 747, 748, 758, 759, 764, 767, 768, 789, 798, 799, 801, 802, 812, 813, 815, 816, 827, 831, 843, 864, 866, 867, 872, 873, 874, 876, 879, 881, 884], "summary": {"covered_lines": 225, "num_statements": 241, "percent_covered": 93.3609958506224, "percent_covered_display": "93", "missing_lines": 16, "excluded_lines": 0, "percent_statements_covered": 93.3609958506224, "percent_statements_covered_display": "93"}, "missing_lines": [273, 326, 519, 520, 532, 533, 540, 545, 546, 554, 769, 770, 777, 778, 779, 893], "excluded_lines": [], "functions": {"BettingValidation.summary": {"executed_lines": [145, 161, 162, 163, 164, 168, 169], "summary": {"covered_lines": 7, "num_statements": 7, "percent_covered": 100.0, "percent_covered_display": "100", "missing_lines": 0, "excluded_lines": 0, "percent_statements_covered": 100.0, "percent_statements_covered_display": "100"}, "missing_lines": [], "excluded_lines": [], "start_line": 143}, "BettingValidator.__init__": {"executed_lines": [240, 241, 242], "summary": {"covered_lines": 3, "num_statements": 3, "percent_covered": 100.0, "percent_covered_display": "100", "missing_lines": 0, "excluded_lines": 0, "percent_statements_covered": 100.0, "percent_statements_covered_display": "100"}, "missing_lines": [], "excluded_lines": [], "start_line": 227}, "BettingValidator.calculate_clv": {"executed_lines": [266, 267, 269, 270, 272, 275], "summary": {"covered_lines": 6, "num_statements": 7, "percent_covered": 85.71428571428571, "percent_covered_display": "86", "missing_lines": 1, "excluded_lines": 0, "percent_statements_covered": 85.71428571428571, "percent_statements_covered_display": "86"}, "missing_lines": [273], "excluded_lines": [], "start_line": 244}, "BettingValidator.validate_clv_threshold": {"executed_lines": [302, 303, 309, 310, 311, 312, 313, 316, 319, 320, 322, 323, 325, 328, 329, 330, 331, 332, 338, 350, 352], "summary": {"covered_lines": 21, "num_statements": 22, "percent_covered": 95.45454545454545, "percent_covered_display": "95", "missing_lines": 1, "excluded_lines": 0, "percent_statements_covered": 95.45454545454545, "percent_statements_covered_display": "95"}, "missing_lines": [326], "excluded_lines": [], "start_line": 277}, "BettingValidator.check_realistic_vig": {"executed_lines": [380, 381, 382, 383, 386, 387, 389, 390, 399, 401, 402, 411, 412, 421, 422, 423, 426, 427, 429, 430, 431, 439], "summary": {"covered_lines": 22, "num_statements": 22, "percent_covered": 100.0, "percent_covered_display": "100", "missing_lines": 0, "excluded_lines": 0, "percent_statements_covered": 100.0, "percent_statements_covered_display": "100"}, "missing_lines": [], "excluded_lines": [], "start_line": 354}, "BettingValidator.validate_line_availability": {"executed_lines": [487, 488, 490, 491, 494, 495, 497, 498, 499, 501, 502, 503, 506, 507, 508, 509, 511, 513, 514, 518, 523, 524, 525, 526, 528, 531, 543, 544, 557, 559, 560, 562, 563, 565], "summary": {"covered_lines": 34, "num_statements": 42, "percent_covered": 80.95238095238095, "percent_covered_display": "81", "missing_lines": 8, "excluded_lines": 0, "percent_statements_covered": 80.95238095238095, "percent_statements_covered_display": "81"}, "missing_lines": [519, 520, 532, 533, 540, 545, 546, 554], "excluded_lines": [], "start_line": 448}, "BettingValidator.validate_kelly_sizing": {"executed_lines": [596, 597, 598, 599, 601, 602, 604, 605, 607, 608, 610, 611, 612, 614, 616, 628], "summary": {"covered_lines": 16, "num_statements": 16, "percent_covered": 100.0, "percent_covered_display": "100", "missing_lines": 0, "excluded_lines": 0, "percent_statements_covered": 100.0, "percent_statements_covered_display": "100"}, "missing_lines": [], "excluded_lines": [], "start_line": 567}, "BettingValidator.model_book_slippage": {"executed_lines": [650], "summary": {"covered_lines": 1, "num_statements": 1, "percent_covered": 100.0, "percent_covered_display": "100", "missing_lines": 0, "excluded_lines": 0, "percent_statements_covered": 100.0, "percent_statements_covered_display": "100"}, "missing_lines": [], "excluded_lines": [], "start_line": 630}, "BettingValidator.validate_slippage_modeled": {"executed_lines": [666, 667, 668, 670, 677, 678, 679, 681, 682, 684, 685, 686, 691, 693], "summary": {"covered_lines": 14, "num_statements": 14, "percent_covered": 100.0, "percent_covered_display": "100", "missing_lines": 0, "excluded_lines": 0, "percent_statements_covered": 100.0, "percent_statements_covered_display": "100"}, "missing_lines": [], "excluded_lines": [], "start_line": 652}, "BettingValidator.full_validation": {"executed_lines": [730, 731, 734, 735, 736, 737, 738, 741, 744, 745, 747, 748, 758, 759, 764, 767, 768, 789, 798, 799, 801, 802, 812, 813, 815, 816, 827, 831], "summary": {"covered_lines": 28, "num_statements": 33, "percent_covered": 84.84848484848484, "percent_covered_display": "85", "missing_lines": 5, "excluded_lines": 0, "percent_statements_covered": 84.84848484848484, "percent_statements_covered_display": "85"}, "missing_lines": [769, 770, 777, 778, 779], "excluded_lines": [], "start_line": 695}, "BettingValidator.validate_no_look_ahead": {"executed_lines": [864, 866, 867, 872, 873, 874, 876, 879, 881], "summary": {"covered_lines": 9, "num_statements": 9, "percent_covered": 100.0, "percent_covered_display": "100", "missing_lines": 0, "excluded_lines": 0, "percent_statements_covered": 100.0, "percent_statements_covered_display": "100"}, "missing_lines": [], "excluded_lines": [], "start_line": 843}, "format_validation_report": {"executed_lines": [], "summary": {"covered_lines": 0, "num_statements": 1, "percent_covered": 0.0, "percent_covered_display": "0", "missing_lines": 1, "excluded_lines": 0, "percent_statements_covered": 0.0, "percent_statements_covered_display": "0"}, "missing_lines": [893], "excluded_lines": [], "start_line": 884}, "": {"executed_lines": [35, 36, 37, 39, 40, 43, 44, 46, 48, 53, 56, 57, 58, 59, 62, 63, 69, 72, 73, 84, 85, 86, 87, 88, 89, 92, 93, 106, 107, 108, 109, 110, 111, 112, 115, 116, 133, 134, 135, 136, 137, 138, 139, 140, 141, 143, 172, 207, 208, 209, 210, 211, 214, 227, 244, 277, 354, 448, 567, 630, 652, 695, 843, 884], "summary": {"covered_lines": 64, "num_statements": 64, "percent_covered": 100.0, "percent_covered_display": "100", "missing_lines": 0, "excluded_lines": 0, "percent_statements_covered": 100.0, "percent_statements_covered_display": "100"}, "missing_lines": [], "excluded_lines": [], "start_line": 1}}, "classes": {"ValidationSeverity": {"executed_lines": [], "summary": {"covered_lines": 0, "num_statements": 0, "percent_covered": 100.0, "percent_covered_display": "100", "missing_lines": 0, "excluded_lines": 0, "percent_statements_covered": 100.0, "percent_statements_covered_display": "100"}, "missing_lines": [], "excluded_lines": [], "start_line": 53}, "ValidationIssue": {"executed_lines": [], "summary": {"covered_lines": 0, "num_statements": 0, "percent_covered": 100.0, "percent_covered_display": "100", "missing_lines": 0, "excluded_lines": 0, "percent_statements_covered": 100.0, "percent_statements_covered_display": "100"}, "missing_lines": [], "excluded_lines": [], "start_line": 63}, "VigAnalysis": {"executed_lines": [], "summary": {"covered_lines": 0, "num_statements": 0, "percent_covered": 100.0, "percent_covered_display": "100", "missing_lines": 0, "excluded_lines": 0, "percent_statements_covered": 100.0, "percent_statements_covered_display": "100"}, "missing_lines": [], "excluded_lines": [], "start_line": 73}, "LineAvailabilityResult": {"executed_lines": [], "summary": {"covered_lines": 0, "num_statements": 0, "percent_covered": 100.0, "percent_covered_display": "100", "missing_lines": 0, "excluded_lines": 0, "percent_statements_covered": 100.0, "percent_statements_covered_display": "100"}, "missing_lines": [], "excluded_lines": [], "start_line": 93}, "BettingValidation": {"executed_lines": [145, 161, 162, 163, 164, 168, 169], "summary": {"covered_lines": 7, "num_statements": 7, "percent_covered": 100.0, "percent_covered_display": "100", "missing_lines": 0, "excluded_lines": 0, "percent_statements_covered": 100.0, "percent_statements_covered_display": "100"}, "missing_lines": [], "excluded_lines": [], "start_line": 116}, "BettingValidator": {"executed_lines": [240, 241, 242, 266, 267, 269, 270, 272, 275, 302, 303, 309, 310, 311, 312, 313, 316, 319, 320, 322, 323, 325, 328, 329, 330, 331, 332, 338, 350, 352, 380, 381, 382, 383, 386, 387, 389, 390, 399, 401, 402, 411, 412, 421, 422, 423, 426, 427, 429, 430, 431, 439, 487, 488, 490, 491, 494, 495, 497, 498, 499, 501, 502, 503, 506, 507, 508, 509, 511, 513, 514, 518, 523, 524, 525, 526, 528, 531, 543, 544, 557, 559, 560, 562, 563, 565, 596, 597, 598, 599, 601, 602, 604, 605, 607, 608, 610, 611, 612, 614, 616, 628, 650, 666, 667, 668, 670, 677, 678, 679, 681, 682, 684, 685, 686, 691, 693, 730, 731, 734, 735, 736, 737, 738, 741, 744, 745, 747, 748, 758, 759, 764, 767, 768, 789, 798, 799, 801, 802, 812, 813, 815, 816, 827, 831, 864, 866, 867, 872, 873, 874, 876, 879, 881], "summary": {"covered_lines": 154, "num_statements": 169, "percent_covered": 91.12426035502959, "percent_covered_display": "91", "missing_lines": 15, "excluded_lines": 0, "percent_statements_covered": 91.12426035502959, "percent_statements_covered_display": "91"}, "missing_lines": [273, 326, 519, 520, 532, 533, 540, 545, 546, 554, 769, 770, 777, 778, 779], "excluded_lines": [], "start_line": 172}, "": {"executed_lines": [35, 36, 37, 39, 40, 43, 44, 46, 48, 53, 56, 57, 58, 59, 62, 63, 69, 72, 73, 84, 85, 86, 87, 88, 89, 92, 93, 106, 107, 108, 109, 110, 111, 112, 115, 116, 133, 134, 135, 136, 137, 138, 139, 140, 141, 143, 172, 207, 208, 209, 210, 211, 214, 227, 244, 277, 354, 448, 567, 630, 652, 695, 843, 884], "summary": {"covered_lines": 64, "num_statements": 65, "percent_covered": 98.46153846153847, "percent_covered_display": "98", "missing_lines": 1, "excluded_lines": 0, "percent_statements_covered": 98.46153846153847, "percent_statements_covered_display": "98"}, "missing_lines": [893], "excluded_lines": [], "start_line": 1}}}, "backtesting\\validators\\gatekeeper.py": {"executed_lines": [39, 40, 41, 42, 43, 44, 46, 49, 52, 53, 54, 57, 58, 70, 71, 74, 75, 95, 96, 97, 98, 99, 100, 101, 102, 104, 106, 128, 130, 145, 146, 147, 148, 149, 151, 152, 153, 154, 156, 161, 162, 163, 164, 166, 167, 168, 169, 171, 172, 174, 177, 210, 220, 228, 230, 231, 232, 233, 234, 236, 242, 243, 244, 245, 247, 248, 252, 253, 257, 259, 261, 262, 264, 283, 285, 286, 287, 292, 293, 294, 295, 296, 300, 301, 307, 310, 311, 316, 319, 321, 349, 351, 352, 355, 356, 357, 358, 361, 363, 364, 365, 366, 369, 376, 377, 378, 381, 382, 383, 386, 387, 389, 391, 397, 398, 404, 405, 407, 408, 409, 411, 413, 414, 416, 418, 437, 443, 444, 451, 452, 455, 456, 458, 459, 461, 462, 466, 467, 468, 472, 478, 479, 486, 492, 494, 499, 502, 504, 505, 506, 510, 511, 515, 536, 542, 544, 545, 552, 560, 563, 565, 566, 567, 570, 574, 575, 582, 603, 609, 610, 613, 617, 622, 624, 625, 626, 627, 628, 630, 631, 632, 633, 634, 637, 638, 642, 653, 668, 669, 670, 672, 673, 674, 675, 677, 678, 681, 682, 683, 684, 687, 693, 696, 698, 722, 724, 725, 727, 729, 730, 733, 734, 741, 749, 750, 751, 756, 758, 765, 768, 769, 770, 773, 780, 781, 782, 784, 788, 793, 798, 812, 814, 821, 823, 824, 828, 831, 832, 833, 834, 838, 839, 840, 844, 850, 851, 856, 857, 858, 863, 866, 868, 880, 881, 883, 884, 886, 889, 890, 891, 895, 897, 898, 900, 905, 915, 917, 927, 929, 930, 932, 934, 935, 936, 940, 942, 943, 945, 950, 952, 954, 955, 957, 958, 976, 978, 987, 990, 997, 998, 999, 1001, 1009, 1014, 1015, 1019, 1024, 1030, 1037, 1038, 1040], "summary": {"covered_lines": 301, "num_statements": 345, "percent_covered": 87.2463768115942, "percent_covered_display": "87", "missing_lines": 44, "excluded_lines": 0, "percent_statements_covered": 87.2463768115942, "percent_statements_covered_display": "87"}, "missing_lines": [157, 158, 159, 302, 359, 415, 429, 430, 528, 529, 546, 571, 576, 577, 595, 596, 618, 619, 639, 640, 694, 783, 785, 845, 864, 893, 902, 903, 938, 947, 948, 956, 961, 962, 965, 966, 969, 970, 971, 972, 988, 1010, 1020, 1025], "excluded_lines": [], "functions": {"GateReport.to_dict": {"executed_lines": [106], "summary": {"covered_lines": 1, "num_statements": 1, "percent_covered": 100.0, "percent_covered_display": "100", "missing_lines": 0, "excluded_lines": 0, "percent_statements_covered": 100.0, "percent_statements_covered_display": "100"}, "missing_lines": [], "excluded_lines": [], "start_line": 104}, "GateReport.summary": {"executed_lines": [130, 145, 146, 147, 148, 149, 151, 152, 153, 154, 156, 161, 162, 163, 164, 166, 167, 168, 169, 171, 172, 174], "summary": {"covered_lines": 22, "num_statements": 25, "percent_covered": 88.0, "percent_covered_display": "88", "missing_lines": 3, "excluded_lines": 0, "percent_statements_covered": 88.0, "percent_statements_covered_display": "88"}, "missing_lines": [157, 158, 159], "excluded_lines": [], "start_line": 128}, "Gatekeeper.__init__": {"executed_lines": [230, 231, 232, 233, 234], "summary": {"covered_lines": 5, "num_statements": 5, "percent_covered": 100.0, "percent_covered_display": "100", "missing_lines": 0, "excluded_lines": 0, "percent_statements_covered": 100.0, "percent_statements_covered_display": "100"}, "missing_lines": [], "excluded_lines": [], "start_line": 228}, "Gatekeeper.load_validators": {"executed_lines": [242, 243, 244, 245, 247, 248, 252, 253, 257], "summary": {"covered_lines": 9, "num_statements": 9, "percent_covered": 100.0, "percent_covered_display": "100", "missing_lines": 0, "excluded_lines": 0, "percent_statements_covered": 100.0, "percent_statements_covered_display": "100"}, "missing_lines": [], "excluded_lines": [], "start_line": 236}, "Gatekeeper._ensure_validators_loaded": {"executed_lines": [261, 262], "summary": {"covered_lines": 2, "num_statements": 2, "percent_covered": 100.0, "percent_covered_display": "100", "missing_lines": 0, "excluded_lines": 0, "percent_statements_covered": 100.0, "percent_statements_covered_display": "100"}, "missing_lines": [], "excluded_lines": [], "start_line": 259}, "Gatekeeper._quick_prescreen": {"executed_lines": [283, 285, 286, 287, 292, 293, 294, 295, 296, 300, 301, 307, 310, 311, 316], "summary": {"covered_lines": 15, "num_statements": 16, "percent_covered": 93.75, "percent_covered_display": "94", "missing_lines": 1, "excluded_lines": 0, "percent_statements_covered": 93.75, "percent_statements_covered_display": "94"}, "missing_lines": [302], "excluded_lines": [], "start_line": 264}, "Gatekeeper.run_all_validations": {"executed_lines": [349, 351, 352, 355, 356, 357, 358, 361, 363, 364, 365, 366, 369, 376, 377, 378, 381, 382, 383, 386, 387, 389], "summary": {"covered_lines": 22, "num_statements": 23, "percent_covered": 95.65217391304348, "percent_covered_display": "96", "missing_lines": 1, "excluded_lines": 0, "percent_statements_covered": 95.65217391304348, "percent_statements_covered_display": "96"}, "missing_lines": [359], "excluded_lines": [], "start_line": 321}, "Gatekeeper._validate_temporal": {"executed_lines": [397, 398, 404, 405, 407, 408, 409, 411, 413, 414, 416, 418], "summary": {"covered_lines": 12, "num_statements": 15, "percent_covered": 80.0, "percent_covered_display": "80", "missing_lines": 3, "excluded_lines": 0, "percent_statements_covered": 80.0, "percent_statements_covered_display": "80"}, "missing_lines": [415, 429, 430], "excluded_lines": [], "start_line": 391}, "Gatekeeper._validate_statistical": {"executed_lines": [443, 444, 451, 452, 455, 456, 458, 459, 461, 462, 466, 467, 468, 472, 478, 479], "summary": {"covered_lines": 16, "num_statements": 16, "percent_covered": 100.0, "percent_covered_display": "100", "missing_lines": 0, "excluded_lines": 0, "percent_statements_covered": 100.0, "percent_statements_covered_display": "100"}, "missing_lines": [], "excluded_lines": [], "start_line": 437}, "Gatekeeper._validate_overfit": {"executed_lines": [492, 494, 499, 502, 504, 505, 506, 510, 511, 515], "summary": {"covered_lines": 10, "num_statements": 12, "percent_covered": 83.33333333333333, "percent_covered_display": "83", "missing_lines": 2, "excluded_lines": 0, "percent_statements_covered": 83.33333333333333, "percent_statements_covered_display": "83"}, "missing_lines": [528, 529], "excluded_lines": [], "start_line": 486}, "Gatekeeper._validate_betting": {"executed_lines": [542, 544, 545, 552, 560, 563, 565, 566, 567, 570, 574, 575, 582], "summary": {"covered_lines": 13, "num_statements": 19, "percent_covered": 68.42105263157895, "percent_covered_display": "68", "missing_lines": 6, "excluded_lines": 0, "percent_statements_covered": 68.42105263157895, "percent_statements_covered_display": "68"}, "missing_lines": [546, 571, 576, 577, 595, 596], "excluded_lines": [], "start_line": 536}, "Gatekeeper._check_human_review_needed": {"executed_lines": [609, 610, 613, 617, 622, 624, 625, 626, 627, 628, 630, 631, 632, 633, 634, 637, 638, 642], "summary": {"covered_lines": 18, "num_statements": 22, "percent_covered": 81.81818181818181, "percent_covered_display": "82", "missing_lines": 4, "excluded_lines": 0, "percent_statements_covered": 81.81818181818181, "percent_statements_covered_display": "82"}, "missing_lines": [618, 619, 639, 640], "excluded_lines": [], "start_line": 603}, "Gatekeeper.make_decision": {"executed_lines": [668, 669, 670, 672, 673, 674, 675, 677, 678, 681, 682, 683, 684, 687, 693, 696], "summary": {"covered_lines": 16, "num_statements": 17, "percent_covered": 94.11764705882354, "percent_covered_display": "94", "missing_lines": 1, "excluded_lines": 0, "percent_statements_covered": 94.11764705882354, "percent_statements_covered_display": "94"}, "missing_lines": [694], "excluded_lines": [], "start_line": 653}, "Gatekeeper.generate_report": {"executed_lines": [722, 724, 725, 727, 729, 730, 733, 734, 741, 749, 750, 751, 756, 758, 765, 768, 769, 770, 773, 780, 781, 782, 784, 788, 793, 798, 812], "summary": {"covered_lines": 27, "num_statements": 29, "percent_covered": 93.10344827586206, "percent_covered_display": "93", "missing_lines": 2, "excluded_lines": 0, "percent_statements_covered": 93.10344827586206, "percent_statements_covered_display": "93"}, "missing_lines": [783, 785], "excluded_lines": [], "start_line": 698}, "Gatekeeper._generate_recommendations": {"executed_lines": [821, 823, 824, 828, 831, 832, 833, 834, 838, 839, 840, 844, 850, 851, 856, 857, 858, 863, 866], "summary": {"covered_lines": 19, "num_statements": 21, "percent_covered": 90.47619047619048, "percent_covered_display": "90", "missing_lines": 2, "excluded_lines": 0, "percent_statements_covered": 90.47619047619048, "percent_statements_covered_display": "90"}, "missing_lines": [845, 864], "excluded_lines": [], "start_line": 814}, "Gatekeeper.persist_to_memory": {"executed_lines": [880, 881, 883, 884, 886, 889, 890, 891, 895, 897, 898, 900], "summary": {"covered_lines": 12, "num_statements": 15, "percent_covered": 80.0, "percent_covered_display": "80", "missing_lines": 3, "excluded_lines": 0, "percent_statements_covered": 80.0, "percent_statements_covered_display": "80"}, "missing_lines": [893, 902, 903], "excluded_lines": [], "start_line": 868}, "Gatekeeper.quarantine_model": {"executed_lines": [915, 917, 927, 929, 930, 932, 934, 935, 936, 940, 942, 943, 945], "summary": {"covered_lines": 13, "num_statements": 16, "percent_covered": 81.25, "percent_covered_display": "81", "missing_lines": 3, "excluded_lines": 0, "percent_statements_covered": 81.25, "percent_statements_covered_display": "81"}, "missing_lines": [938, 947, 948], "excluded_lines": [], "start_line": 905}, "Gatekeeper._analyze_root_causes": {"executed_lines": [952, 954, 955, 957, 958, 976], "summary": {"covered_lines": 6, "num_statements": 15, "percent_covered": 40.0, "percent_covered_display": "40", "missing_lines": 9, "excluded_lines": 0, "percent_statements_covered": 40.0, "percent_statements_covered_display": "40"}, "missing_lines": [956, 961, 962, 965, 966, 969, 970, 971, 972], "excluded_lines": [], "start_line": 950}, "Gatekeeper.explain_failure": {"executed_lines": [987, 990, 997, 998, 999, 1001, 1009, 1014, 1015, 1019, 1024, 1030, 1037, 1038, 1040], "summary": {"covered_lines": 15, "num_statements": 19, "percent_covered": 78.94736842105263, "percent_covered_display": "79", "missing_lines": 4, "excluded_lines": 0, "percent_statements_covered": 78.94736842105263, "percent_statements_covered_display": "79"}, "missing_lines": [988, 1010, 1020, 1025], "excluded_lines": [], "start_line": 978}, "": {"executed_lines": [39, 40, 41, 42, 43, 44, 46, 49, 52, 53, 54, 57, 58, 70, 71, 74, 75, 95, 96, 97, 98, 99, 100, 101, 102, 104, 128, 177, 210, 220, 228, 236, 259, 264, 319, 321, 391, 437, 486, 536, 603, 653, 698, 814, 868, 905, 950, 978], "summary": {"covered_lines": 48, "num_statements": 48, "percent_covered": 100.0, "percent_covered_display": "100", "missing_lines": 0, "excluded_lines": 0, "percent_statements_covered": 100.0, "percent_statements_covered_display": "100"}, "missing_lines": [], "excluded_lines": [], "start_line": 1}}, "classes": {"GateDecision": {"executed_lines": [], "summary": {"covered_lines": 0, "num_statements": 0, "percent_covered": 100.0, "percent_covered_display": "100", "missing_lines": 0, "excluded_lines": 0, "percent_statements_covered": 100.0, "percent_statements_covered_display": "100"}, "missing_lines": [], "excluded_lines": [], "start_line": 49}, "ValidationResult": {"executed_lines": [], "summary": {"covered_lines": 0, "num_statements": 0, "percent_covered": 100.0, "percent_covered_display": "100", "missing_lines": 0, "excluded_lines": 0, "percent_statements_covered": 100.0, "percent_statements_covered_display": "100"}, "missing_lines": [], "excluded_lines": [], "start_line": 58}, "GateReport": {"executed_lines": [106, 130, 145, 146, 147, 148, 149, 151, 152, 153, 154, 156, 161, 162, 163, 164, 166, 167, 168, 169, 171, 172, 174], "summary": {"covered_lines": 23, "num_statements": 26, "percent_covered": 88.46153846153847, "percent_covered_display": "88", "missing_lines": 3, "excluded_lines": 0, "percent_statements_covered": 88.46153846153847, "percent_statements_covered_display": "88"}, "missing_lines": [157, 158, 159], "excluded_lines": [], "start_line": 75}, "Gatekeeper": {"executed_lines": [230, 231, 232, 233, 234, 242, 243, 244, 245, 247, 248, 252, 253, 257, 261, 262, 283, 285, 286, 287, 292, 293, 294, 295, 296, 300, 301, 307, 310, 311, 316, 349, 351, 352, 355, 356, 357, 358, 361, 363, 364, 365, 366, 369, 376, 377, 378, 381, 382, 383, 386, 387, 389, 397, 398, 404, 405, 407, 408, 409, 411, 413, 414, 416, 418, 443, 444, 451, 452, 455, 456, 458, 459, 461, 462, 466, 467, 468, 472, 478, 479, 492, 494, 499, 502, 504, 505, 506, 510, 511, 515, 542, 544, 545, 552, 560, 563, 565, 566, 567, 570, 574, 575, 582, 609, 610, 613, 617, 622, 624, 625, 626, 627, 628, 630, 631, 632, 633, 634, 637, 638, 642, 668, 669, 670, 672, 673, 674, 675, 677, 678, 681, 682, 683, 684, 687, 693, 696, 722, 724, 725, 727, 729, 730, 733, 734, 741, 749, 750, 751, 756, 758, 765, 768, 769, 770, 773, 780, 781, 782, 784, 788, 793, 798, 812, 821, 823, 824, 828, 831, 832, 833, 834, 838, 839, 840, 844, 850, 851, 856, 857, 858, 863, 866, 880, 881, 883, 884, 886, 889, 890, 891, 895, 897, 898, 900, 915, 917, 927, 929, 930, 932, 934, 935, 936, 940, 942, 943, 945, 952, 954, 955, 957, 958, 976, 987, 990, 997, 998, 999, 1001, 1009, 1014, 1015, 1019, 1024, 1030, 1037, 1038, 1040], "summary": {"covered_lines": 230, "num_statements": 271, "percent_covered": 84.87084870848709, "percent_covered_display": "85", "missing_lines": 41, "excluded_lines": 0, "percent_statements_covered": 84.87084870848709, "percent_statements_covered_display": "85"}, "missing_lines": [302, 359, 415, 429, 430, 528, 529, 546, 571, 576, 577, 595, 596, 618, 619, 639, 640, 694, 783, 785, 845, 864, 893, 902, 903, 938, 947, 948, 956, 961, 962, 965, 966, 969, 970, 971, 972, 988, 1010, 1020, 1025], "excluded_lines": [], "start_line": 177}, "": {"executed_lines": [39, 40, 41, 42, 43, 44, 46, 49, 52, 53, 54, 57, 58, 70, 71, 74, 75, 95, 96, 97, 98, 99, 100, 101, 102, 104, 128, 177, 210, 220, 228, 236, 259, 264, 319, 321, 391, 437, 486, 536, 603, 653, 698, 814, 868, 905, 950, 978], "summary": {"covered_lines": 48, "num_statements": 48, "percent_covered": 100.0, "percent_covered_display": "100", "missing_lines": 0, "excluded_lines": 0, "percent_statements_covered": 100.0, "percent_statements_covered_display": "100"}, "missing_lines": [], "excluded_lines": [], "start_line": 1}}}, "backtesting\\validators\\overfit_validator.py": {"executed_lines": [21, 22, 23, 24, 25, 27, 28, 31, 34, 38, 43, 44, 64, 65, 66, 67, 68, 69, 70, 71, 72, 73, 74, 75, 76, 77, 79, 81, 90, 92, 93, 113, 118, 119, 121, 124, 156, 157, 158, 159, 160, 162, 183, 184, 185, 186, 188, 189, 191, 200, 201, 202, 204, 223, 225, 245, 246, 248, 249, 251, 252, 254, 255, 257, 266, 267, 269, 349, 380, 388, 389, 390, 392, 393, 394, 397, 398, 399, 400, 403, 406, 409, 410, 411, 412, 415, 416, 417, 420, 423, 424, 427, 430, 431, 432, 433, 436, 439, 440, 441, 444, 445, 446, 448, 449, 451, 475, 483, 484, 485, 488, 489, 490, 492, 494, 498, 499, 501, 503, 504, 505, 508, 509, 511, 512, 513, 514, 515, 517, 518, 519, 522, 523, 524, 525, 528, 529, 530, 531, 533, 536, 538, 539, 542, 544, 545, 548, 550, 551, 553, 592, 593, 596, 597, 599, 600, 601, 603, 604, 610, 611, 612, 614, 615, 620, 621, 622, 623, 625, 626, 630, 631, 636, 637, 640, 641, 642, 644, 645, 646, 647, 648, 650, 653, 654, 655, 656, 657, 658, 660, 663, 666, 675, 678, 705, 706, 709, 710, 711, 714, 715, 718, 719, 720, 721, 723, 724], "summary": {"covered_lines": 207, "num_statements": 238, "percent_covered": 86.97478991596638, "percent_covered_display": "87", "missing_lines": 31, "excluded_lines": 5, "percent_statements_covered": 86.97478991596638, "percent_statements_covered_display": "87"}, "missing_lines": [114, 115, 116, 304, 305, 308, 309, 310, 311, 312, 313, 315, 317, 318, 319, 321, 324, 325, 328, 329, 330, 334, 335, 337, 338, 340, 342, 344, 346, 347, 495], "excluded_lines": [36, 37, 40, 41, 42], "functions": {"ModelProtocol.fit": {"executed_lines": [], "summary": {"covered_lines": 0, "num_statements": 0, "percent_covered": 100.0, "percent_covered_display": "100", "missing_lines": 0, "excluded_lines": 1, "percent_statements_covered": 100.0, "percent_statements_covered_display": "100"}, "missing_lines": [], "excluded_lines": [36], "start_line": 34}, "ModelProtocol.predict": {"executed_lines": [], "summary": {"covered_lines": 0, "num_statements": 0, "percent_covered": 100.0, "percent_covered_display": "100", "missing_lines": 0, "excluded_lines": 1, "percent_statements_covered": 100.0, "percent_statements_covered_display": "100"}, "missing_lines": [], "excluded_lines": [40], "start_line": 38}, "OverfitValidation.__post_init__": {"executed_lines": [81], "summary": {"covered_lines": 1, "num_statements": 1, "percent_covered": 100.0, "percent_covered_display": "100", "missing_lines": 0, "excluded_lines": 0, "percent_statements_covered": 100.0, "percent_statements_covered_display": "100"}, "missing_lines": [], "excluded_lines": [], "start_line": 79}, "OverfitValidation.summary": {"executed_lines": [92, 93, 113, 118, 119, 121], "summary": {"covered_lines": 6, "num_statements": 9, "percent_covered": 66.66666666666667, "percent_covered_display": "67", "missing_lines": 3, "excluded_lines": 0, "percent_statements_covered": 66.66666666666667, "percent_statements_covered_display": "67"}, "missing_lines": [114, 115, 116], "excluded_lines": [], "start_line": 90}, "OverfitValidator.validate_feature_count": {"executed_lines": [183, 184, 185, 186, 188, 189], "summary": {"covered_lines": 6, "num_statements": 6, "percent_covered": 100.0, "percent_covered_display": "100", "missing_lines": 0, "excluded_lines": 0, "percent_statements_covered": 100.0, "percent_statements_covered_display": "100"}, "missing_lines": [], "excluded_lines": [], "start_line": 162}, "OverfitValidator.get_max_features": {"executed_lines": [200, 201, 202], "summary": {"covered_lines": 3, "num_statements": 3, "percent_covered": 100.0, "percent_covered_display": "100", "missing_lines": 0, "excluded_lines": 0, "percent_statements_covered": 100.0, "percent_statements_covered_display": "100"}, "missing_lines": [], "excluded_lines": [], "start_line": 191}, "OverfitValidator.check_in_sample_roi": {"executed_lines": [223], "summary": {"covered_lines": 1, "num_statements": 1, "percent_covered": 100.0, "percent_covered_display": "100", "missing_lines": 0, "excluded_lines": 0, "percent_statements_covered": 100.0, "percent_statements_covered_display": "100"}, "missing_lines": [], "excluded_lines": [], "start_line": 204}, "OverfitValidator.calculate_cross_season_variance": {"executed_lines": [245, 246, 248, 249, 251, 252, 254, 255], "summary": {"covered_lines": 8, "num_statements": 8, "percent_covered": 100.0, "percent_covered_display": "100", "missing_lines": 0, "excluded_lines": 0, "percent_statements_covered": 100.0, "percent_statements_covered_display": "100"}, "missing_lines": [], "excluded_lines": [], "start_line": 225}, "OverfitValidator.check_variance_passes": {"executed_lines": [266, 267], "summary": {"covered_lines": 2, "num_statements": 2, "percent_covered": 100.0, "percent_covered_display": "100", "missing_lines": 0, "excluded_lines": 0, "percent_statements_covered": 100.0, "percent_statements_covered_display": "100"}, "missing_lines": [], "excluded_lines": [], "start_line": 257}, "OverfitValidator.test_parameter_sensitivity": {"executed_lines": [], "summary": {"covered_lines": 0, "num_statements": 27, "percent_covered": 0.0, "percent_covered_display": "0", "missing_lines": 27, "excluded_lines": 0, "percent_statements_covered": 0.0, "percent_statements_covered_display": "0"}, "missing_lines": [304, 305, 308, 309, 310, 311, 312, 313, 315, 317, 318, 319, 321, 324, 325, 328, 329, 330, 334, 335, 337, 338, 340, 342, 344, 346, 347], "excluded_lines": [], "start_line": 269}, "OverfitValidator.analyze_learning_curve": {"executed_lines": [380, 388, 389, 390, 392, 393, 394, 397, 398, 399, 400, 403, 406, 409, 410, 411, 412, 415, 416, 417, 420, 423, 424, 427, 430, 431, 432, 433, 436, 439, 440, 441, 444, 445, 446, 448, 449], "summary": {"covered_lines": 37, "num_statements": 37, "percent_covered": 100.0, "percent_covered_display": "100", "missing_lines": 0, "excluded_lines": 0, "percent_statements_covered": 100.0, "percent_statements_covered_display": "100"}, "missing_lines": [], "excluded_lines": [], "start_line": 349}, "OverfitValidator.detect_feature_importance_drift": {"executed_lines": [475, 483, 484, 485, 488, 489, 490, 492, 494, 498, 499, 501, 503, 504, 505, 508, 509, 511, 512, 513, 514, 515, 517, 518, 519, 522, 523, 524, 525, 528, 529, 530, 531, 533, 536, 538, 539, 542, 544, 545, 548, 550, 551], "summary": {"covered_lines": 43, "num_statements": 44, "percent_covered": 97.72727272727273, "percent_covered_display": "98", "missing_lines": 1, "excluded_lines": 0, "percent_statements_covered": 97.72727272727273, "percent_statements_covered_display": "98"}, "missing_lines": [495], "excluded_lines": [], "start_line": 451}, "OverfitValidator.full_validation": {"executed_lines": [592, 593, 596, 597, 599, 600, 601, 603, 604, 610, 611, 612, 614, 615, 620, 621, 622, 623, 625, 626, 630, 631, 636, 637, 640, 641, 642, 644, 645, 646, 647, 648, 650, 653, 654, 655, 656, 657, 658, 660, 663, 666, 675], "summary": {"covered_lines": 43, "num_statements": 43, "percent_covered": 100.0, "percent_covered_display": "100", "missing_lines": 0, "excluded_lines": 0, "percent_statements_covered": 100.0, "percent_statements_covered_display": "100"}, "missing_lines": [], "excluded_lines": [], "start_line": 553}, "quick_overfit_check": {"executed_lines": [705, 706, 709, 710, 711, 714, 715, 718, 719, 720, 721, 723, 724], "summary": {"covered_lines": 13, "num_statements": 13, "percent_covered": 100.0, "percent_covered_display": "100", "missing_lines": 0, "excluded_lines": 0, "percent_statements_covered": 100.0, "percent_statements_covered_display": "100"}, "missing_lines": [], "excluded_lines": [], "start_line": 678}, "": {"executed_lines": [21, 22, 23, 24, 25, 27, 28, 31, 34, 38, 43, 44, 64, 65, 66, 67, 68, 69, 70, 71, 72, 73, 74, 75, 76, 77, 79, 90, 124, 156, 157, 158, 159, 160, 162, 191, 204, 225, 257, 269, 349, 451, 553, 678], "summary": {"covered_lines": 44, "num_statements": 44, "percent_covered": 100.0, "percent_covered_display": "100", "missing_lines": 0, "excluded_lines": 3, "percent_statements_covered": 100.0, "percent_statements_covered_display": "100"}, "missing_lines": [], "excluded_lines": [37, 41, 42], "start_line": 1}}, "classes": {"ModelProtocol": {"executed_lines": [], "summary": {"covered_lines": 0, "num_statements": 0, "percent_covered": 100.0, "percent_covered_display": "100", "missing_lines": 0, "excluded_lines": 2, "percent_statements_covered": 100.0, "percent_statements_covered_display": "100"}, "missing_lines": [], "excluded_lines": [36, 40], "start_line": 31}, "OverfitValidation": {"executed_lines": [81, 92, 93, 113, 118, 119, 121], "summary": {"covered_lines": 7, "num_statements": 10, "percent_covered": 70.0, "percent_covered_display": "70", "missing_lines": 3, "excluded_lines": 0, "percent_statements_covered": 70.0, "percent_statements_covered_display": "70"}, "missing_lines": [114, 115, 116], "excluded_lines": [], "start_line": 44}, "OverfitValidator": {"executed_lines": [183, 184, 185, 186, 188, 189, 200, 201, 202, 223, 245, 246, 248, 249, 251, 252, 254, 255, 266, 267, 380, 388, 389, 390, 392, 393, 394, 397, 398, 399, 400, 403, 406, 409, 410, 411, 412, 415, 416, 417, 420, 423, 424, 427, 430, 431, 432, 433, 436, 439, 440, 441, 444, 445, 446, 448, 449, 475, 483, 484, 485, 488, 489, 490, 492, 494, 498, 499, 501, 503, 504, 505, 508, 509, 511, 512, 513, 514, 515, 517, 518, 519, 522, 523, 524, 525, 528, 529, 530, 531, 533, 536, 538, 539, 542, 544, 545, 548, 550, 551, 592, 593, 596, 597, 599, 600, 601, 603, 604, 610, 611, 612, 614, 615, 620, 621, 622, 623, 625, 626, 630, 631, 636, 637, 640, 641, 642, 644, 645, 646, 647, 648, 650, 653, 654, 655, 656, 657, 658, 660, 663, 666, 675], "summary": {"covered_lines": 143, "num_statements": 171, "percent_covered": 83.62573099415205, "percent_covered_display": "84", "missing_lines": 28, "excluded_lines": 0, "percent_statements_covered": 83.62573099415205, "percent_statements_covered_display": "84"}, "missing_lines": [304, 305, 308, 309, 310, 311, 312, 313, 315, 317, 318, 319, 321, 324, 325, 328, 329, 330, 334, 335, 337, 338, 340, 342, 344, 346, 347, 495], "excluded_lines": [], "start_line": 124}, "": {"executed_lines": [21, 22, 23, 24, 25, 27, 28, 31, 34, 38, 43, 44, 64, 65, 66, 67, 68, 69, 70, 71, 72, 73, 74, 75, 76, 77, 79, 90, 124, 156, 157, 158, 159, 160, 162, 191, 204, 225, 257, 269, 349, 451, 553, 678, 705, 706, 709, 710, 711, 714, 715, 718, 719, 720, 721, 723, 724], "summary": {"covered_lines": 57, "num_statements": 57, "percent_covered": 100.0, "percent_covered_display": "100", "missing_lines": 0, "excluded_lines": 3, "percent_statements_covered": 100.0, "percent_statements_covered_display": "100"}, "missing_lines": [], "excluded_lines": [37, 41, 42], "start_line": 1}}}, "backtesting\\validators\\statistical_validator.py": {"executed_lines": [18, 19, 21, 22, 25, 26, 28, 33, 34, 56, 57, 81, 82, 117, 120, 121, 132, 133, 134, 135, 136, 137, 140, 173, 174, 175, 176, 177, 180, 188, 209, 210, 211, 212, 213, 214, 215, 217, 230, 232, 258, 261, 262, 264, 267, 269, 273, 274, 277, 278, 280, 282, 283, 284, 286, 287, 288, 290, 292, 315, 326, 327, 329, 330, 332, 334, 337, 338, 340, 341, 343, 365, 366, 368, 369, 371, 374, 375, 377, 378, 381, 384, 386, 388, 406, 407, 417, 420, 423, 424, 426, 427, 430, 431, 432, 433, 434, 437, 438, 439, 440, 441, 442, 445, 448, 449, 450, 451, 452, 453, 454, 456, 459, 461, 471, 494, 496, 499, 501, 503, 517, 520, 522, 556, 559, 560, 562, 575, 576, 577, 579, 580, 582, 583, 585, 586, 590, 592, 593, 595, 597, 599, 601, 612, 656, 657, 660, 661, 662, 663, 664, 665, 666, 669, 670, 671, 675, 677, 680, 681, 682, 684, 685, 688, 689, 691, 692, 696, 698, 701, 702, 703, 705, 706, 712, 713, 715, 716, 717, 719, 720, 724, 732, 738, 740, 747, 752, 774, 788, 791, 792, 793, 794, 795, 796, 799, 800, 801, 802, 803, 804, 807, 808, 809, 810, 811, 812, 814, 816, 818, 821, 822, 824, 826, 838, 840, 847, 849, 850, 857, 858, 859, 861, 862, 869, 872, 873, 878, 880, 894, 896, 897, 904, 906, 907, 914, 916, 917, 919, 920, 922, 936, 968, 1016, 1025, 1026, 1027, 1028, 1030, 1031, 1032, 1034, 1035, 1036, 1037, 1039, 1040, 1044, 1048, 1053, 1054, 1055, 1056, 1058, 1059, 1060, 1062, 1068, 1069, 1070, 1071, 1073, 1074, 1075, 1076, 1078, 1080, 1081, 1083, 1085, 1087], "summary": {"covered_lines": 281, "num_statements": 336, "percent_covered": 83.63095238095238, "percent_covered_display": "84", "missing_lines": 55, "excluded_lines": 0, "percent_statements_covered": 83.63095238095238, "percent_statements_covered_display": "84"}, "missing_lines": [29, 30, 259, 270, 294, 295, 296, 297, 298, 299, 300, 301, 302, 303, 304, 305, 307, 309, 310, 311, 313, 335, 372, 518, 563, 587, 588, 726, 741, 745, 841, 876, 954, 956, 957, 958, 960, 962, 963, 965, 966, 985, 986, 988, 989, 990, 993, 994, 999, 1002, 1004, 1063, 1064, 1065, 1066], "excluded_lines": [], "functions": {"StatisticalValidator.__init__": {"executed_lines": [209, 210, 211, 212, 213, 214, 215], "summary": {"covered_lines": 7, "num_statements": 7, "percent_covered": 100.0, "percent_covered_display": "100", "missing_lines": 0, "excluded_lines": 0, "percent_statements_covered": 100.0, "percent_statements_covered_display": "100"}, "missing_lines": [], "excluded_lines": [], "start_line": 188}, "StatisticalValidator.validate_sample_size": {"executed_lines": [230], "summary": {"covered_lines": 1, "num_statements": 1, "percent_covered": 100.0, "percent_covered_display": "100", "missing_lines": 0, "excluded_lines": 0, "percent_statements_covered": 100.0, "percent_statements_covered_display": "100"}, "missing_lines": [], "excluded_lines": [], "start_line": 217}, "StatisticalValidator.calculate_confidence_interval": {"executed_lines": [258, 261, 262, 264, 267, 269, 273, 274, 277, 278, 280, 282, 283, 284, 286, 287, 288, 290], "summary": {"covered_lines": 18, "num_statements": 20, "percent_covered": 90.0, "percent_covered_display": "90", "missing_lines": 2, "excluded_lines": 0, "percent_statements_covered": 90.0, "percent_statements_covered_display": "90"}, "missing_lines": [259, 270], "excluded_lines": [], "start_line": 232}, "StatisticalValidator._calculate_ci_from_dataframe": {"executed_lines": [], "summary": {"covered_lines": 0, "num_statements": 17, "percent_covered": 0.0, "percent_covered_display": "0", "missing_lines": 17, "excluded_lines": 0, "percent_statements_covered": 0.0, "percent_statements_covered_display": "0"}, "missing_lines": [294, 295, 296, 297, 298, 299, 300, 301, 302, 303, 304, 305, 307, 309, 310, 311, 313], "excluded_lines": [], "start_line": 292}, "StatisticalValidator._analytical_ci": {"executed_lines": [326, 327, 329, 330, 332, 334, 337, 338, 340, 341], "summary": {"covered_lines": 10, "num_statements": 11, "percent_covered": 90.9090909090909, "percent_covered_display": "91", "missing_lines": 1, "excluded_lines": 0, "percent_statements_covered": 90.9090909090909, "percent_statements_covered_display": "91"}, "missing_lines": [335], "excluded_lines": [], "start_line": 315}, "StatisticalValidator.calculate_sharpe_ratio": {"executed_lines": [365, 366, 368, 369, 371, 374, 375, 377, 378, 381, 384, 386], "summary": {"covered_lines": 12, "num_statements": 13, "percent_covered": 92.3076923076923, "percent_covered_display": "92", "missing_lines": 1, "excluded_lines": 0, "percent_statements_covered": 92.3076923076923, "percent_statements_covered_display": "92"}, "missing_lines": [372], "excluded_lines": [], "start_line": 343}, "StatisticalValidator.analyze_drawdown": {"executed_lines": [406, 407, 417, 420, 423, 424, 426, 427, 430, 431, 432, 433, 434, 437, 438, 439, 440, 441, 442, 445, 448, 449, 450, 451, 452, 453, 454, 456, 459, 461], "summary": {"covered_lines": 30, "num_statements": 30, "percent_covered": 100.0, "percent_covered_display": "100", "missing_lines": 0, "excluded_lines": 0, "percent_statements_covered": 100.0, "percent_statements_covered_display": "100"}, "missing_lines": [], "excluded_lines": [], "start_line": 388}, "StatisticalValidator.validate_out_of_sample": {"executed_lines": [494, 496, 499, 501], "summary": {"covered_lines": 4, "num_statements": 4, "percent_covered": 100.0, "percent_covered_display": "100", "missing_lines": 0, "excluded_lines": 0, "percent_statements_covered": 100.0, "percent_statements_covered_display": "100"}, "missing_lines": [], "excluded_lines": [], "start_line": 471}, "StatisticalValidator.calculate_oos_degradation": {"executed_lines": [517, 520], "summary": {"covered_lines": 2, "num_statements": 3, "percent_covered": 66.66666666666667, "percent_covered_display": "67", "missing_lines": 1, "excluded_lines": 0, "percent_statements_covered": 66.66666666666667, "percent_statements_covered_display": "67"}, "missing_lines": [518], "excluded_lines": [], "start_line": 503}, "StatisticalValidator.run_monte_carlo": {"executed_lines": [556, 559, 560, 562, 575, 576, 577, 579, 580, 582, 583, 585, 586, 590, 592, 593, 595, 597, 599, 601], "summary": {"covered_lines": 20, "num_statements": 23, "percent_covered": 86.95652173913044, "percent_covered_display": "87", "missing_lines": 3, "excluded_lines": 0, "percent_statements_covered": 86.95652173913044, "percent_statements_covered_display": "87"}, "missing_lines": [563, 587, 588], "excluded_lines": [], "start_line": 522}, "StatisticalValidator.full_validation": {"executed_lines": [656, 657, 660, 661, 662, 663, 664, 665, 666, 669, 670, 671, 675, 677, 680, 681, 682, 684, 685, 688, 689, 691, 692, 696, 698, 701, 702, 703, 705, 706, 712, 713, 715, 716, 717, 719, 720, 724, 732, 738, 740, 747, 752], "summary": {"covered_lines": 43, "num_statements": 46, "percent_covered": 93.47826086956522, "percent_covered_display": "93", "missing_lines": 3, "excluded_lines": 0, "percent_statements_covered": 93.47826086956522, "percent_statements_covered_display": "93"}, "missing_lines": [726, 741, 745], "excluded_lines": [], "start_line": 612}, "StatisticalValidator.validate": {"executed_lines": [788, 791, 792, 793, 794, 795, 796, 799, 800, 801, 802, 803, 804, 807, 808, 809, 810, 811, 812, 814], "summary": {"covered_lines": 20, "num_statements": 20, "percent_covered": 100.0, "percent_covered_display": "100", "missing_lines": 0, "excluded_lines": 0, "percent_statements_covered": 100.0, "percent_statements_covered_display": "100"}, "missing_lines": [], "excluded_lines": [], "start_line": 774}, "StatisticalValidator._check_sample_size": {"executed_lines": [818, 821, 822, 824, 826], "summary": {"covered_lines": 5, "num_statements": 5, "percent_covered": 100.0, "percent_covered_display": "100", "missing_lines": 0, "excluded_lines": 0, "percent_statements_covered": 100.0, "percent_statements_covered_display": "100"}, "missing_lines": [], "excluded_lines": [], "start_line": 816}, "StatisticalValidator._check_significance": {"executed_lines": [840, 847, 849, 850, 857, 858, 859, 861, 862, 869, 872, 873, 878, 880], "summary": {"covered_lines": 14, "num_statements": 16, "percent_covered": 87.5, "percent_covered_display": "88", "missing_lines": 2, "excluded_lines": 0, "percent_statements_covered": 87.5, "percent_statements_covered_display": "88"}, "missing_lines": [841, 876], "excluded_lines": [], "start_line": 838}, "StatisticalValidator._check_sharpe_ratio": {"executed_lines": [896, 897, 904, 906, 907, 914, 916, 917, 919, 920, 922], "summary": {"covered_lines": 11, "num_statements": 11, "percent_covered": 100.0, "percent_covered_display": "100", "missing_lines": 0, "excluded_lines": 0, "percent_statements_covered": 100.0, "percent_statements_covered_display": "100"}, "missing_lines": [], "excluded_lines": [], "start_line": 894}, "StatisticalValidator.power_analysis": {"executed_lines": [], "summary": {"covered_lines": 0, "num_statements": 9, "percent_covered": 0.0, "percent_covered_display": "0", "missing_lines": 9, "excluded_lines": 0, "percent_statements_covered": 0.0, "percent_statements_covered_display": "0"}, "missing_lines": [954, 956, 957, 958, 960, 962, 963, 965, 966], "excluded_lines": [], "start_line": 936}, "StatisticalValidator.test_edge_vs_luck": {"executed_lines": [], "summary": {"covered_lines": 0, "num_statements": 10, "percent_covered": 0.0, "percent_covered_display": "0", "missing_lines": 10, "excluded_lines": 0, "percent_statements_covered": 0.0, "percent_statements_covered_display": "0"}, "missing_lines": [985, 986, 988, 989, 990, 993, 994, 999, 1002, 1004], "excluded_lines": [], "start_line": 968}, "StatisticalValidator.format_validation_report": {"executed_lines": [1025, 1026, 1027, 1028, 1030, 1031, 1032, 1034, 1035, 1036, 1037, 1039, 1040, 1044, 1048, 1053, 1054, 1055, 1056, 1058, 1059, 1060, 1062, 1068, 1069, 1070, 1071, 1073, 1074, 1075, 1076, 1078, 1080, 1081, 1083, 1085, 1087], "summary": {"covered_lines": 37, "num_statements": 41, "percent_covered": 90.2439024390244, "percent_covered_display": "90", "missing_lines": 4, "excluded_lines": 0, "percent_statements_covered": 90.2439024390244, "percent_statements_covered_display": "90"}, "missing_lines": [1063, 1064, 1065, 1066], "excluded_lines": [], "start_line": 1016}, "": {"executed_lines": [18, 19, 21, 22, 25, 26, 28, 33, 34, 56, 57, 81, 82, 117, 120, 121, 132, 133, 134, 135, 136, 137, 140, 173, 174, 175, 176, 177, 180, 188, 217, 232, 292, 315, 343, 388, 471, 503, 522, 612, 774, 816, 838, 894, 936, 968, 1016], "summary": {"covered_lines": 47, "num_statements": 49, "percent_covered": 95.91836734693878, "percent_covered_display": "96", "missing_lines": 2, "excluded_lines": 0, "percent_statements_covered": 95.91836734693878, "percent_statements_covered_display": "96"}, "missing_lines": [29, 30], "excluded_lines": [], "start_line": 1}}, "classes": {"DrawdownAnalysis": {"executed_lines": [], "summary": {"covered_lines": 0, "num_statements": 0, "percent_covered": 100.0, "percent_covered_display": "100", "missing_lines": 0, "excluded_lines": 0, "percent_statements_covered": 100.0, "percent_statements_covered_display": "100"}, "missing_lines": [], "excluded_lines": [], "start_line": 34}, "MonteCarloRuinResult": {"executed_lines": [], "summary": {"covered_lines": 0, "num_statements": 0, "percent_covered": 100.0, "percent_covered_display": "100", "missing_lines": 0, "excluded_lines": 0, "percent_statements_covered": 100.0, "percent_statements_covered_display": "100"}, "missing_lines": [], "excluded_lines": [], "start_line": 57}, "StatisticalValidation": {"executed_lines": [], "summary": {"covered_lines": 0, "num_statements": 0, "percent_covered": 100.0, "percent_covered_display": "100", "missing_lines": 0, "excluded_lines": 0, "percent_statements_covered": 100.0, "percent_statements_covered_display": "100"}, "missing_lines": [], "excluded_lines": [], "start_line": 82}, "StatisticalValidationResult": {"executed_lines": [], "summary": {"covered_lines": 0, "num_statements": 0, "percent_covered": 100.0, "percent_covered_display": "100", "missing_lines": 0, "excluded_lines": 0, "percent_statements_covered": 100.0, "percent_statements_covered_display": "100"}, "missing_lines": [], "excluded_lines": [], "start_line": 121}, "StatisticalValidator": {"executed_lines": [209, 210, 211, 212, 213, 214, 215, 230, 258, 261, 262, 264, 267, 269, 273, 274, 277, 278, 280, 282, 283, 284, 286, 287, 288, 290, 326, 327, 329, 330, 332, 334, 337, 338, 340, 341, 365, 366, 368, 369, 371, 374, 375, 377, 378, 381, 384, 386, 406, 407, 417, 420, 423, 424, 426, 427, 430, 431, 432, 433, 434, 437, 438, 439, 440, 441, 442, 445, 448, 449, 450, 451, 452, 453, 454, 456, 459, 461, 494, 496, 499, 501, 517, 520, 556, 559, 560, 562, 575, 576, 577, 579, 580, 582, 583, 585, 586, 590, 592, 593, 595, 597, 599, 601, 656, 657, 660, 661, 662, 663, 664, 665, 666, 669, 670, 671, 675, 677, 680, 681, 682, 684, 685, 688, 689, 691, 692, 696, 698, 701, 702, 703, 705, 706, 712, 713, 715, 716, 717, 719, 720, 724, 732, 738, 740, 747, 752, 788, 791, 792, 793, 794, 795, 796, 799, 800, 801, 802, 803, 804, 807, 808, 809, 810, 811, 812, 814, 818, 821, 822, 824, 826, 840, 847, 849, 850, 857, 858, 859, 861, 862, 869, 872, 873, 878, 880, 896, 897, 904, 906, 907, 914, 916, 917, 919, 920, 922, 1025, 1026, 1027, 1028, 1030, 1031, 1032, 1034, 1035, 1036, 1037, 1039, 1040, 1044, 1048, 1053, 1054, 1055, 1056, 1058, 1059, 1060, 1062, 1068, 1069, 1070, 1071, 1073, 1074, 1075, 1076, 1078, 1080, 1081, 1083, 1085, 1087], "summary": {"covered_lines": 234, "num_statements": 287, "percent_covered": 81.53310104529616, "percent_covered_display": "82", "missing_lines": 53, "excluded_lines": 0, "percent_statements_covered": 81.53310104529616, "percent_statements_covered_display": "82"}, "missing_lines": [259, 270, 294, 295, 296, 297, 298, 299, 300, 301, 302, 303, 304, 305, 307, 309, 310, 311, 313, 335, 372, 518, 563, 587, 588, 726, 741, 745, 841, 876, 954, 956, 957, 958, 960, 962, 963, 965, 966, 985, 986, 988, 989, 990, 993, 994, 999, 1002, 1004, 1063, 1064, 1065, 1066], "excluded_lines": [], "start_line": 140}, "": {"executed_lines": [18, 19, 21, 22, 25, 26, 28, 33, 34, 56, 57, 81, 82, 117, 120, 121, 132, 133, 134, 135, 136, 137, 140, 173, 174, 175, 176, 177, 180, 188, 217, 232, 292, 315, 343, 388, 471, 503, 522, 612, 774, 816, 838, 894, 936, 968, 1016], "summary": {"covered_lines": 47, "num_statements": 49, "percent_covered": 95.91836734693878, "percent_covered_display": "96", "missing_lines": 2, "excluded_lines": 0, "percent_statements_covered": 95.91836734693878, "percent_statements_covered_display": "96"}, "missing_lines": [29, 30], "excluded_lines": [], "start_line": 1}}}, "backtesting\\validators\\temporal_validator.py": {"executed_lines": [20, 21, 22, 23, 25, 26, 29, 32, 33, 34, 35, 36, 37, 38, 39, 40, 41, 44, 45, 63, 64, 77, 80, 81, 105, 148, 164, 176, 184, 185, 186, 187, 188, 191, 192, 194, 196, 197, 203, 231, 232, 234, 242, 245, 259, 260, 261, 263, 264, 266, 267, 270, 271, 272, 275, 284, 285, 286, 290, 303, 304, 320, 333, 334, 336, 347, 373, 375, 378, 379, 381, 382, 385, 389, 392, 395, 396, 397, 398, 401, 402, 403, 404, 407, 408, 409, 410, 412, 421, 423, 430, 432, 433, 436, 438, 439, 457, 459, 468, 469, 471, 472, 475, 476, 478, 479, 482, 483, 498, 500, 502, 504, 505, 507, 510, 525, 531, 557, 559, 561, 562, 563, 564, 566, 567, 568, 569, 570, 585, 586, 587, 589, 595, 616, 618, 622, 627, 628, 629, 632, 633, 635, 636, 641, 656, 679, 697, 699, 700, 701, 703, 704, 705, 717, 728, 729, 735, 742, 743, 746, 747, 748, 749, 750, 754, 763, 764, 765, 768, 769, 770, 771, 772, 773, 778, 784, 793, 807, 838, 840, 841, 842, 845, 846, 854, 857, 860, 863, 866, 872, 877, 880, 889, 896, 907, 915, 916, 917, 918, 920, 927, 928, 929, 931, 932, 933, 934, 938, 939, 940, 942, 943, 944, 945, 947, 948, 949, 950, 952, 953, 954, 955, 957, 962, 968, 970, 972, 974, 980, 991, 992, 993, 994, 995, 1003, 1004, 1005, 1006, 1008, 1009, 1010, 1011, 1012, 1014, 1020, 1034, 1036, 1037, 1038, 1041, 1042, 1043, 1044, 1046, 1047, 1059, 1083, 1086, 1102, 1104, 1108, 1119, 1135, 1136, 1140, 1146, 1148, 1149, 1152, 1155, 1156, 1159, 1160, 1161, 1162, 1163, 1164, 1171], "summary": {"covered_lines": 278, "num_statements": 340, "percent_covered": 81.76470588235294, "percent_covered_display": "82", "missing_lines": 62, "excluded_lines": 0, "percent_statements_covered": 81.76470588235294, "percent_statements_covered_display": "82"}, "missing_lines": [235, 246, 250, 305, 309, 376, 383, 386, 390, 434, 454, 455, 508, 619, 620, 623, 624, 659, 660, 662, 663, 664, 666, 667, 672, 673, 718, 719, 720, 722, 723, 867, 873, 874, 958, 959, 960, 963, 964, 965, 1048, 1049, 1056, 1060, 1061, 1063, 1064, 1065, 1066, 1068, 1069, 1080, 1087, 1088, 1089, 1090, 1091, 1092, 1150, 1165, 1168, 1169], "excluded_lines": [], "functions": {"TemporalValidator.__init__": {"executed_lines": [184, 185, 186, 187, 188, 191, 192], "summary": {"covered_lines": 7, "num_statements": 7, "percent_covered": 100.0, "percent_covered_display": "100", "missing_lines": 0, "excluded_lines": 0, "percent_statements_covered": 100.0, "percent_statements_covered_display": "100"}, "missing_lines": [], "excluded_lines": [], "start_line": 176}, "TemporalValidator.reset": {"executed_lines": [196, 197], "summary": {"covered_lines": 2, "num_statements": 2, "percent_covered": 100.0, "percent_covered_display": "100", "missing_lines": 0, "excluded_lines": 0, "percent_statements_covered": 100.0, "percent_statements_covered_display": "100"}, "missing_lines": [], "excluded_lines": [], "start_line": 194}, "TemporalValidator.validate_walk_forward": {"executed_lines": [231, 232, 234, 242, 245, 259, 260, 261, 263, 264, 266, 267, 270, 271, 272, 275, 284, 285, 286, 290, 303, 304, 320, 333, 334, 336], "summary": {"covered_lines": 26, "num_statements": 31, "percent_covered": 83.87096774193549, "percent_covered_display": "84", "missing_lines": 5, "excluded_lines": 0, "percent_statements_covered": 83.87096774193549, "percent_statements_covered_display": "84"}, "missing_lines": [235, 246, 250, 305, 309], "excluded_lines": [], "start_line": 203}, "TemporalValidator.detect_leakage": {"executed_lines": [373, 375, 378, 379, 381, 382, 385, 389, 392, 395, 396, 397, 398, 401, 402, 403, 404, 407, 408, 409, 410, 412, 421], "summary": {"covered_lines": 23, "num_statements": 27, "percent_covered": 85.18518518518519, "percent_covered_display": "85", "missing_lines": 4, "excluded_lines": 0, "percent_statements_covered": 85.18518518518519, "percent_statements_covered_display": "85"}, "missing_lines": [376, 383, 386, 390], "excluded_lines": [], "start_line": 347}, "TemporalValidator._check_correlation_spike": {"executed_lines": [430, 432, 433, 436, 438, 439, 457], "summary": {"covered_lines": 7, "num_statements": 10, "percent_covered": 70.0, "percent_covered_display": "70", "missing_lines": 3, "excluded_lines": 0, "percent_statements_covered": 70.0, "percent_statements_covered_display": "70"}, "missing_lines": [434, 454, 455], "excluded_lines": [], "start_line": 423}, "TemporalValidator._check_rolling_shift": {"executed_lines": [468, 469, 471, 472, 475, 476, 478, 479, 482, 483, 498], "summary": {"covered_lines": 11, "num_statements": 11, "percent_covered": 100.0, "percent_covered_display": "100", "missing_lines": 0, "excluded_lines": 0, "percent_statements_covered": 100.0, "percent_statements_covered_display": "100"}, "missing_lines": [], "excluded_lines": [], "start_line": 459}, "TemporalValidator._check_future_reference": {"executed_lines": [502, 504, 505, 507, 510, 525], "summary": {"covered_lines": 6, "num_statements": 7, "percent_covered": 85.71428571428571, "percent_covered_display": "86", "missing_lines": 1, "excluded_lines": 0, "percent_statements_covered": 85.71428571428571, "percent_statements_covered_display": "86"}, "missing_lines": [508], "excluded_lines": [], "start_line": 500}, "TemporalValidator.audit_feature_timestamps": {"executed_lines": [557, 559, 561, 562, 563, 564, 566, 567, 568, 569, 570, 585, 586, 587, 589], "summary": {"covered_lines": 15, "num_statements": 15, "percent_covered": 100.0, "percent_covered_display": "100", "missing_lines": 0, "excluded_lines": 0, "percent_statements_covered": 100.0, "percent_statements_covered_display": "100"}, "missing_lines": [], "excluded_lines": [], "start_line": 531}, "TemporalValidator.validate_closing_line_timing": {"executed_lines": [616, 618, 622, 627, 628, 629, 632, 633, 635, 636, 641, 656], "summary": {"covered_lines": 12, "num_statements": 25, "percent_covered": 48.0, "percent_covered_display": "48", "missing_lines": 13, "excluded_lines": 0, "percent_statements_covered": 48.0, "percent_statements_covered_display": "48"}, "missing_lines": [619, 620, 623, 624, 659, 660, 662, 663, 664, 666, 667, 672, 673], "excluded_lines": [], "start_line": 595}, "TemporalValidator.detect_train_test_contamination": {"executed_lines": [697, 699, 700, 701, 703, 704, 705, 717, 728, 729], "summary": {"covered_lines": 10, "num_statements": 15, "percent_covered": 66.66666666666667, "percent_covered_display": "67", "missing_lines": 5, "excluded_lines": 0, "percent_statements_covered": 66.66666666666667, "percent_statements_covered_display": "67"}, "missing_lines": [718, 719, 720, 722, 723], "excluded_lines": [], "start_line": 679}, "TemporalValidator._statistical_leakage_check": {"executed_lines": [742, 743, 746, 747, 748, 749, 750, 754, 763, 764, 765, 768, 769, 770, 771, 772, 773, 778], "summary": {"covered_lines": 18, "num_statements": 18, "percent_covered": 100.0, "percent_covered_display": "100", "missing_lines": 0, "excluded_lines": 0, "percent_statements_covered": 100.0, "percent_statements_covered_display": "100"}, "missing_lines": [], "excluded_lines": [], "start_line": 735}, "TemporalValidator._add_issue": {"executed_lines": [793], "summary": {"covered_lines": 1, "num_statements": 1, "percent_covered": 100.0, "percent_covered_display": "100", "missing_lines": 0, "excluded_lines": 0, "percent_statements_covered": 100.0, "percent_statements_covered_display": "100"}, "missing_lines": [], "excluded_lines": [], "start_line": 784}, "TemporalValidator.full_validation": {"executed_lines": [838, 840, 841, 842, 845, 846, 854, 857, 860, 863, 866, 872, 877, 880, 889, 896], "summary": {"covered_lines": 16, "num_statements": 19, "percent_covered": 84.21052631578948, "percent_covered_display": "84", "missing_lines": 3, "excluded_lines": 0, "percent_statements_covered": 84.21052631578948, "percent_statements_covered_display": "84"}, "missing_lines": [867, 873, 874], "excluded_lines": [], "start_line": 807}, "TemporalValidator._generate_summary": {"executed_lines": [915, 916, 917, 918, 920, 927, 928, 929, 931, 932, 933, 934, 938, 939, 940, 942, 943, 944, 945, 947, 948, 949, 950, 952, 953, 954, 955, 957, 962, 968, 970, 972], "summary": {"covered_lines": 32, "num_statements": 38, "percent_covered": 84.21052631578948, "percent_covered_display": "84", "missing_lines": 6, "excluded_lines": 0, "percent_statements_covered": 84.21052631578948, "percent_statements_covered_display": "84"}, "missing_lines": [958, 959, 960, 963, 964, 965], "excluded_lines": [], "start_line": 907}, "TemporalValidator.generate_leakage_report": {"executed_lines": [980, 991, 992, 993, 994, 995, 1003, 1004, 1005, 1006, 1008, 1009, 1010, 1011, 1012, 1014], "summary": {"covered_lines": 16, "num_statements": 16, "percent_covered": 100.0, "percent_covered_display": "100", "missing_lines": 0, "excluded_lines": 0, "percent_statements_covered": 100.0, "percent_statements_covered_display": "100"}, "missing_lines": [], "excluded_lines": [], "start_line": 974}, "TemporalValidator.validate": {"executed_lines": [1034, 1036, 1037, 1038, 1041, 1042, 1043, 1044, 1046, 1047, 1059, 1083, 1086, 1102, 1104, 1108], "summary": {"covered_lines": 16, "num_statements": 34, "percent_covered": 47.05882352941177, "percent_covered_display": "47", "missing_lines": 18, "excluded_lines": 0, "percent_statements_covered": 47.05882352941177, "percent_statements_covered_display": "47"}, "missing_lines": [1048, 1049, 1056, 1060, 1061, 1063, 1064, 1065, 1066, 1068, 1069, 1080, 1087, 1088, 1089, 1090, 1091, 1092], "excluded_lines": [], "start
[...]
num_statements": 34, "percent_covered": 61.76470588235294, "percent_covered_display": "62", "missing_lines": 13, "excluded_lines": 0, "percent_statements_covered": 61.76470588235294, "percent_statements_covered_display": "62"}, "missing_lines": [213, 214, 258, 259, 260, 261, 263, 264, 265, 266, 273, 274, 275], "excluded_lines": [], "start_line": 177}, "": {"executed_lines": [7, 9, 10, 11, 12, 17, 18, 20, 23, 59, 83, 104, 127, 177], "summary": {"covered_lines": 14, "num_statements": 14, "percent_covered": 100.0, "percent_covered_display": "100", "missing_lines": 0, "excluded_lines": 2, "percent_statements_covered": 100.0, "percent_statements_covered_display": "100"}, "missing_lines": [], "excluded_lines": [14, 15], "start_line": 1}}, "classes": {"": {"executed_lines": [7, 9, 10, 11, 12, 17, 18, 20, 23, 43, 44, 45, 46, 49, 50, 51, 52, 53, 54, 56, 59, 72, 73, 74, 75, 77, 78, 79, 80, 83, 104, 127, 147, 150, 151, 157, 158, 162, 163, 165, 174, 177, 199, 201, 202, 205, 210, 212, 217, 218, 222, 224, 226, 227, 228, 229, 230, 232, 248, 249, 277, 279, 286], "summary": {"covered_lines": 63, "num_statements": 90, "percent_covered": 70.0, "percent_covered_display": "70", "missing_lines": 27, "excluded_lines": 2, "percent_statements_covered": 70.0, "percent_statements_covered_display": "70"}, "missing_lines": [76, 96, 97, 98, 99, 100, 101, 119, 120, 121, 122, 123, 124, 166, 213, 214, 258, 259, 260, 261, 263, 264, 265, 266, 273, 274, 275], "excluded_lines": [14, 15], "start_line": 1}}}, "tracking\\models.py": {"executed_lines": [], "summary": {"covered_lines": 0, "num_statements": 243, "percent_covered": 0.0, "percent_covered_display": "0", "missing_lines": 243, "excluded_lines": 0, "percent_statements_covered": 0.0, "percent_statements_covered_display": "0"}, "missing_lines": [8, 9, 10, 12, 24, 27, 30, 38, 41, 43, 44, 45, 46, 47, 48, 49, 50, 51, 54, 55, 56, 58, 59, 62, 65, 67, 68, 69, 70, 71, 74, 75, 78, 79, 82, 83, 86, 87, 88, 91, 92, 95, 96, 97, 98, 99, 100, 101, 103, 104, 106, 107, 108, 110, 111, 113, 114, 115, 117, 118, 126, 129, 131, 132, 133, 134, 137, 138, 139, 142, 143, 144, 147, 148, 151, 154, 156, 157, 165, 168, 170, 171, 172, 173, 176, 177, 180, 181, 184, 187, 189, 191, 192, 200, 203, 205, 206, 207, 208, 211, 212, 213, 216, 217, 220, 223, 225, 229, 230, 238, 241, 243, 246, 247, 248, 251, 252, 253, 256, 257, 260, 261, 262, 263, 266, 267, 268, 271, 272, 275, 276, 277, 278, 281, 282, 285, 288, 289, 292, 294, 295, 303, 306, 308, 309, 312, 313, 316, 317, 320, 321, 322, 325, 326, 327, 328, 329, 332, 333, 334, 337, 338, 340, 341, 344, 347, 349, 350, 351, 352, 355, 356, 357, 360, 361, 363, 365, 367, 368, 378, 381, 383, 384, 385, 386, 389, 390, 393, 396, 397, 398, 399, 400, 403, 404, 405, 408, 409, 411, 413, 414, 422, 425, 427, 428, 429, 432, 435, 438, 440, 448, 451, 453, 454, 455, 456, 459, 460, 463, 464, 467, 468, 469, 472, 475, 476, 479, 481, 482, 492, 495, 497, 498, 499, 500, 501, 502, 503, 511, 514, 516, 517, 518], "excluded_lines": [], "functions": {"Team.__repr__": {"executed_lines": [], "summary": {"covered_lines": 0, "num_statements": 1, "percent_covered": 0.0, "percent_covered_display": "0", "missing_lines": 1, "excluded_lines": 0, "percent_statements_covered": 0.0, "percent_statements_covered_display": "0"}, "missing_lines": [59], "excluded_lines": [], "start_line": 58}, "Game.home_margin": {"executed_lines": [], "summary": {"covered_lines": 0, "num_statements": 3, "percent_covered": 0.0, "percent_covered_display": "0", "missing_lines": 3, "excluded_lines": 0, "percent_statements_covered": 0.0, "percent_statements_covered_display": "0"}, "missing_lines": [106, 107, 108], "excluded_lines": [], "start_line": 104}, "Game.total_points": {"executed_lines": [], "summary": {"covered_lines": 0, "num_statements": 3, "percent_covered": 0.0, "percent_covered_display": "0", "missing_lines": 3, "excluded_lines": 0, "percent_statements_covered": 0.0, "percent_statements_covered_display": "0"}, "missing_lines": [113, 114, 115], "excluded_lines": [], "start_line": 111}, "Game.__repr__": {"executed_lines": [], "summary": {"covered_lines": 0, "num_statements": 1, "percent_covered": 0.0, "percent_covered_display": "0", "missing_lines": 1, "excluded_lines": 0, "percent_statements_covered": 0.0, "percent_statements_covered_display": "0"}, "missing_lines": [118], "excluded_lines": [], "start_line": 117}, "OddsSnapshot.__repr__": {"executed_lines": [], "summary": {"covered_lines": 0, "num_statements": 1, "percent_covered": 0.0, "percent_covered_display": "0", "missing_lines": 1, "excluded_lines": 0, "percent_statements_covered": 0.0, "percent_statements_covered_display": "0"}, "missing_lines": [157], "excluded_lines": [], "start_line": 156}, "TeamRating.__repr__": {"executed_lines": [], "summary": {"covered_lines": 0, "num_statements": 1, "percent_covered": 0.0, "percent_covered_display": "0", "missing_lines": 1, "excluded_lines": 0, "percent_statements_covered": 0.0, "percent_statements_covered_display": "0"}, "missing_lines": [192], "excluded_lines": [], "start_line": 191}, "Prediction.__repr__": {"executed_lines": [], "summary": {"covered_lines": 0, "num_statements": 1, "percent_covered": 0.0, "percent_covered_display": "0", "missing_lines": 1, "excluded_lines": 0, "percent_statements_covered": 0.0, "percent_statements_covered_display": "0"}, "missing_lines": [230], "excluded_lines": [], "start_line": 229}, "Bet.__repr__": {"executed_lines": [], "summary": {"covered_lines": 0, "num_statements": 1, "percent_covered": 0.0, "percent_covered_display": "0", "missing_lines": 1, "excluded_lines": 0, "percent_statements_covered": 0.0, "percent_statements_covered_display": "0"}, "missing_lines": [295], "excluded_lines": [], "start_line": 294}, "BankrollDaily.__repr__": {"executed_lines": [], "summary": {"covered_lines": 0, "num_statements": 1, "percent_covered": 0.0, "percent_covered_display": "0", "missing_lines": 1, "excluded_lines": 0, "percent_statements_covered": 0.0, "percent_statements_covered_display": "0"}, "missing_lines": [341], "excluded_lines": [], "start_line": 340}, "SportsbookBalance.__repr__": {"executed_lines": [], "summary": {"covered_lines": 0, "num_statements": 1, "percent_covered": 0.0, "percent_covered_display": "0", "missing_lines": 1, "excluded_lines": 0, "percent_statements_covered": 0.0, "percent_statements_covered_display": "0"}, "missing_lines": [368], "excluded_lines": [], "start_line": 367}, "Model.__repr__": {"executed_lines": [], "summary": {"covered_lines": 0, "num_statements": 1, "percent_covered": 0.0, "percent_covered_display": "0", "missing_lines": 1, "excluded_lines": 0, "percent_statements_covered": 0.0, "percent_statements_covered_display": "0"}, "missing_lines": [414], "excluded_lines": [], "start_line": 413}, "PlayerProp.__repr__": {"executed_lines": [], "summary": {"covered_lines": 0, "num_statements": 1, "percent_covered": 0.0, "percent_covered_display": "0", "missing_lines": 1, "excluded_lines": 0, "percent_statements_covered": 0.0, "percent_statements_covered_display": "0"}, "missing_lines": [482], "excluded_lines": [], "start_line": 481}, "": {"executed_lines": [], "summary": {"covered_lines": 0, "num_statements": 227, "percent_covered": 0.0, "percent_covered_display": "0", "missing_lines": 227, "excluded_lines": 0, "percent_statements_covered": 0.0, "percent_statements_covered_display": "0"}, "missing_lines": [8, 9, 10, 12, 24, 27, 30, 38, 41, 43, 44, 45, 46, 47, 48, 49, 50, 51, 54, 55, 56, 58, 62, 65, 67, 68, 69, 70, 71, 74, 75, 78, 79, 82, 83, 86, 87, 88, 91, 92, 95, 96, 97, 98, 99, 100, 101, 103, 104, 110, 111, 117, 126, 129, 131, 132, 133, 134, 137, 138, 139, 142, 143, 144, 147, 148, 151, 154, 156, 165, 168, 170, 171, 172, 173, 176, 177, 180, 181, 184, 187, 189, 191, 200, 203, 205, 206, 207, 208, 211, 212, 213, 216, 217, 220, 223, 225, 229, 238, 241, 243, 246, 247, 248, 251, 252, 253, 256, 257, 260, 261, 262, 263, 266, 267, 268, 271, 272, 275, 276, 277, 278, 281, 282, 285, 288, 289, 292, 294, 303, 306, 308, 309, 312, 313, 316, 317, 320, 321, 322, 325, 326, 327, 328, 329, 332, 333, 334, 337, 338, 340, 344, 347, 349, 350, 351, 352, 355, 356, 357, 360, 361, 363, 365, 367, 378, 381, 383, 384, 385, 386, 389, 390, 393, 396, 397, 398, 399, 400, 403, 404, 405, 408, 409, 411, 413, 422, 425, 427, 428, 429, 432, 435, 438, 440, 448, 451, 453, 454, 455, 456, 459, 460, 463, 464, 467, 468, 469, 472, 475, 476, 479, 481, 492, 495, 497, 498, 499, 500, 501, 502, 503, 511, 514, 516, 517, 518], "excluded_lines": [], "start_line": 1}}, "classes": {"Base": {"executed_lines": [], "summary": {"covered_lines": 0, "num_statements": 0, "percent_covered": 100.0, "percent_covered_display": "100", "missing_lines": 0, "excluded_lines": 0, "percent_statements_covered": 100.0, "percent_statements_covered_display": "100"}, "missing_lines": [], "excluded_lines": [], "start_line": 27}, "Team": {"executed_lines": [], "summary": {"covered_lines": 0, "num_statements": 1, "percent_covered": 0.0, "percent_covered_display": "0", "missing_lines": 1, "excluded_lines": 0, "percent_statements_covered": 0.0, "percent_statements_covered_display": "0"}, "missing_lines": [59], "excluded_lines": [], "start_line": 38}, "Game": {"executed_lines": [], "summary": {"covered_lines": 0, "num_statements": 7, "percent_covered": 0.0, "percent_covered_display": "0", "missing_lines": 7, "excluded_lines": 0, "percent_statements_covered": 0.0, "percent_statements_covered_display": "0"}, "missing_lines": [106, 107, 108, 113, 114, 115, 118], "excluded_lines": [], "start_line": 62}, "OddsSnapshot": {"executed_lines": [], "summary": {"covered_lines": 0, "num_statements": 1, "percent_covered": 0.0, "percent_covered_display": "0", "missing_lines": 1, "excluded_lines": 0, "percent_statements_covered": 0.0, "percent_statements_covered_display": "0"}, "missing_lines": [157], "excluded_lines": [], "start_line": 126}, "TeamRating": {"executed_lines": [], "summary": {"covered_lines": 0, "num_statements": 1, "percent_covered": 0.0, "percent_covered_display": "0", "missing_lines": 1, "excluded_lines": 0, "percent_statements_covered": 0.0, "percent_statements_covered_display": "0"}, "missing_lines": [192], "excluded_lines": [], "start_line": 165}, "Prediction": {"executed_lines": [], "summary": {"covered_lines": 0, "num_statements": 1, "percent_covered": 0.0, "percent_covered_display": "0", "missing_lines": 1, "excluded_lines": 0, "percent_statements_covered": 0.0, "percent_statements_covered_display": "0"}, "missing_lines": [230], "excluded_lines": [], "start_line": 200}, "Bet": {"executed_lines": [], "summary": {"covered_lines": 0, "num_statements": 1, "percent_covered": 0.0, "percent_covered_display": "0", "missing_lines": 1, "excluded_lines": 0, "percent_statements_covered": 0.0, "percent_statements_covered_display": "0"}, "missing_lines": [295], "excluded_lines": [], "start_line": 238}, "BankrollDaily": {"executed_lines": [], "summary": {"covered_lines": 0, "num_statements": 1, "percent_covered": 0.0, "percent_covered_display": "0", "missing_lines": 1, "excluded_lines": 0, "percent_statements_covered": 0.0, "percent_statements_covered_display": "0"}, "missing_lines": [341], "excluded_lines": [], "start_line": 303}, "SportsbookBalance": {"executed_lines": [], "summary": {"covered_lines": 0, "num_statements": 1, "percent_covered": 0.0, "percent_covered_display": "0", "missing_lines": 1, "excluded_lines": 0, "percent_statements_covered": 0.0, "percent_statements_covered_display": "0"}, "missing_lines": [368], "excluded_lines": [], "start_line": 344}, "Model": {"executed_lines": [], "summary": {"covered_lines": 0, "num_statements": 1, "percent_covered": 0.0, "percent_covered_display": "0", "missing_lines": 1, "excluded_lines": 0, "percent_statements_covered": 0.0, "percent_statements_covered_display": "0"}, "missing_lines": [414], "excluded_lines": [], "start_line": 378}, "Feature": {"executed_lines": [], "summary": {"covered_lines": 0, "num_statements": 0, "percent_covered": 100.0, "percent_covered_display": "100", "missing_lines": 0, "excluded_lines": 0, "percent_statements_covered": 100.0, "percent_statements_covered_display": "100"}, "missing_lines": [], "excluded_lines": [], "start_line": 422}, "PlayerProp": {"executed_lines": [], "summary": {"covered_lines": 0, "num_statements": 1, "percent_covered": 0.0, "percent_covered_display": "0", "missing_lines": 1, "excluded_lines": 0, "percent_statements_covered": 0.0, "percent_statements_covered_display": "0"}, "missing_lines": [482], "excluded_lines": [], "start_line": 448}, "AuditLog": {"executed_lines": [], "summary": {"covered_lines": 0, "num_statements": 0, "percent_covered": 100.0, "percent_covered_display": "100", "missing_lines": 0, "excluded_lines": 0, "percent_statements_covered": 100.0, "percent_statements_covered_display": "100"}, "missing_lines": [], "excluded_lines": [], "start_line": 492}, "SchemaVersion": {"executed_lines": [], "summary": {"covered_lines": 0, "num_statements": 0, "percent_covered": 100.0, "percent_covered_display": "100", "missing_lines": 0, "excluded_lines": 0, "percent_statements_covered": 100.0, "percent_statements_covered_display": "100"}, "missing_lines": [], "excluded_lines": [], "start_line": 511}, "": {"executed_lines": [], "summary": {"covered_lines": 0, "num_statements": 227, "percent_covered": 0.0, "percent_covered_display": "0", "missing_lines": 227, "excluded_lines": 0, "percent_statements_covered": 0.0, "percent_statements_covered_display": "0"}, "missing_lines": [8, 9, 10, 12, 24, 27, 30, 38, 41, 43, 44, 45, 46, 47, 48, 49, 50, 51, 54, 55, 56, 58, 62, 65, 67, 68, 69, 70, 71, 74, 75, 78, 79, 82, 83, 86, 87, 88, 91, 92, 95, 96, 97, 98, 99, 100, 101, 103, 104, 110, 111, 117, 126, 129, 131, 132, 133, 134, 137, 138, 139, 142, 143, 144, 147, 148, 151, 154, 156, 165, 168, 170, 171, 172, 173, 176, 177, 180, 181, 184, 187, 189, 191, 200, 203, 205, 206, 207, 208, 211, 212, 213, 216, 217, 220, 223, 225, 229, 238, 241, 243, 246, 247, 248, 251, 252, 253, 256, 257, 260, 261, 262, 263, 266, 267, 268, 271, 272, 275, 276, 277, 278, 281, 282, 285, 288, 289, 292, 294, 303, 306, 308, 309, 312, 313, 316, 317, 320, 321, 322, 325, 326, 327, 328, 329, 332, 333, 334, 337, 338, 340, 344, 347, 349, 350, 351, 352, 355, 356, 357, 360, 361, 363, 365, 367, 378, 381, 383, 384, 385, 386, 389, 390, 393, 396, 397, 398, 399, 400, 403, 404, 405, 408, 409, 411, 413, 422, 425, 427, 428, 429, 432, 435, 438, 440, 448, 451, 453, 454, 455, 456, 459, 460, 463, 464, 467, 468, 469, 472, 475, 476, 479, 481, 492, 495, 497, 498, 499, 500, 501, 502, 503, 511, 514, 516, 517, 518], "excluded_lines": [], "start_line": 1}}}, "tracking\\reports.py": {"executed_lines": [7, 9, 10, 11, 13, 15, 18, 28, 31, 33, 34, 36, 37, 38, 39, 40, 42, 43, 45, 61, 71, 72, 73, 75, 80, 81, 121, 131, 133, 138, 141, 142, 143, 146, 147, 148, 149, 150, 153, 154, 155, 156, 157, 159, 161, 174, 185, 188, 196, 197, 207, 210, 211, 212, 215, 217, 227, 230, 242, 243, 245, 248, 257, 273, 274, 277, 284, 285, 287, 288, 295, 296, 297, 298, 300, 301, 304, 305, 306, 307, 308, 309, 310, 311, 312, 313, 316, 317, 318, 329, 330, 331, 332, 335, 336, 338, 360, 369, 376, 377, 385, 386, 391], "summary": {"covered_lines": 103, "num_statements": 139, "percent_covered": 74.10071942446044, "percent_covered_display": "74", "missing_lines": 36, "excluded_lines": 0, "percent_statements_covered": 74.10071942446044, "percent_statements_covered_display": "74"}, "missing_lines": [29, 83, 84, 85, 86, 89, 90, 91, 92, 93, 94, 96, 97, 98, 100, 101, 102, 104, 106, 139, 198, 213, 218, 231, 232, 233, 234, 244, 246, 319, 321, 322, 325, 326, 333, 378], "excluded_lines": [], "functions": {"daily_report": {"executed_lines": [28, 31, 33, 34, 36, 37, 38, 39, 40, 42, 43, 45], "summary": {"covered_lines": 12, "num_statements": 13, "percent_covered": 92.3076923076923, "percent_covered_display": "92", "missing_lines": 1, "excluded_lines": 0, "percent_statements_covered": 92.3076923076923, "percent_statements_covered_display": "92"}, "missing_lines": [29], "excluded_lines": [], "start_line": 18}, "weekly_report": {"executed_lines": [71, 72, 73, 75, 80, 81], "summary": {"covered_lines": 6, "num_statements": 24, "percent_covered": 25.0, "percent_covered_display": "25", "missing_lines": 18, "excluded_lines": 0, "percent_statements_covered": 25.0, "percent_statements_covered_display": "25"}, "missing_lines": [83, 84, 85, 86, 89, 90, 91, 92, 93, 94, 96, 97, 98, 100, 101, 102, 104, 106], "excluded_lines": [], "start_line": 61}, "clv_analysis": {"executed_lines": [131, 133, 138, 141, 142, 143, 146, 147, 148, 149, 150, 153, 154, 155, 156, 157, 159, 161], "summary": {"covered_lines": 18, "num_statements": 19, "percent_covered": 94.73684210526316, "percent_covered_display": "95", "missing_lines": 1, "excluded_lines": 0, "percent_statements_covered": 94.73684210526316, "percent_statements_covered_display": "95"}, "missing_lines": [139], "excluded_lines": [], "start_line": 121}, "model_health_check": {"executed_lines": [185, 188, 196, 197, 207, 210, 211, 212, 215, 217, 227, 230, 242, 243, 245, 248], "summary": {"covered_lines": 16, "num_statements": 25, "percent_covered": 64.0, "percent_covered_display": "64", "missing_lines": 9, "excluded_lines": 0, "percent_statements_covered": 64.0, "percent_statements_covered_display": "64"}, "missing_lines": [198, 213, 218, 231, 232, 233, 234, 244, 246], "excluded_lines": [], "start_line": 174}, "paper_betting_weekly_review": {"executed_lines": [273, 274, 277, 284, 285, 287, 288, 295, 296, 297, 298, 300, 301, 304, 305, 306, 307, 308, 309, 310, 311, 312, 313, 316, 317, 318, 329, 330, 331, 332, 335, 336, 338], "summary": {"covered_lines": 33, "num_statements": 39, "percent_covered": 84.61538461538461, "percent_covered_display": "85", "missing_lines": 6, "excluded_lines": 0, "percent_statements_covered": 84.61538461538461, "percent_statements_covered_display": "85"}, "missing_lines": [319, 321, 322, 325, 326, 333], "excluded_lines": [], "start_line": 257}, "odds_system_health": {"executed_lines": [369, 376, 377, 385, 386, 391], "summary": {"covered_lines": 6, "num_statements": 7, "percent_covered": 85.71428571428571, "percent_covered_display": "86", "missing_lines": 1, "excluded_lines": 0, "percent_statements_covered": 85.71428571428571, "percent_statements_covered_display": "86"}, "missing_lines": [378], "excluded_lines": [], "start_line": 360}, "": {"executed_lines": [7, 9, 10, 11, 13, 15, 18, 61, 121, 174, 257, 360], "summary": {"covered_lines": 12, "num_statements": 12, "percent_covered": 100.0, "percent_covered_display": "100", "missing_lines": 0, "excluded_lines": 0, "percent_statements_covered": 100.0, "percent_statements_covered_display": "100"}, "missing_lines": [], "excluded_lines": [], "start_line": 1}}, "classes": {"": {"executed_lines": [7, 9, 10, 11, 13, 15, 18, 28, 31, 33, 34, 36, 37, 38, 39, 40, 42, 43, 45, 61, 71, 72, 73, 75, 80, 81, 121, 131, 133, 138, 141, 142, 143, 146, 147, 148, 149, 150, 153, 154, 155, 156, 157, 159, 161, 174, 185, 188, 196, 197, 207, 210, 211, 212, 215, 217, 227, 230, 242, 243, 245, 248, 257, 273, 274, 277, 284, 285, 287, 288, 295, 296, 297, 298, 300, 301, 304, 305, 306, 307, 308, 309, 310, 311, 312, 313, 316, 317, 318, 329, 330, 331, 332, 335, 336, 338, 360, 369, 376, 377, 385, 386, 391], "summary": {"covered_lines": 103, "num_statements": 139, "percent_covered": 74.10071942446044, "percent_covered_display": "74", "missing_lines": 36, "excluded_lines": 0, "percent_statements_covered": 74.10071942446044, "percent_statements_covered_display": "74"}, "missing_lines": [29, 83, 84, 85, 86, 89, 90, 91, 92, 93, 94, 96, 97, 98, 100, 101, 102, 104, 106, 139, 198, 213, 218, 231, 232, 233, 234, 244, 246, 319, 321, 322, 325, 326, 333, 378], "excluded_lines": [], "start_line": 1}}}}, "totals": {"covered_lines": 5249, "num_statements": 12688, "percent_covered": 41.369798234552334, "percent_covered_display": "41", "missing_lines": 7439, "excluded_lines": 15, "percent_statements_covered": 41.369798234552334, "percent_statements_covered_display": "41"}}
